2026-04-08 18:11:52,566 - INFO - Creating constraints...
2026-04-08 18:11:53,186 - INFO - Creating indexes...
2026-04-08 18:12:01,645 - INFO - Migrating nodes (FULL)...
2026-04-08 18:12:01,645 - INFO -   Processing Group...
2026-04-08 18:12:02,157 - INFO -   Fetched 181 rows from view_GetAllGroups
2026-04-08 18:12:03,320 - INFO -   Processing Product...
2026-04-08 18:12:04,287 - INFO -   Fetched 1832 rows from View_Products
2026-04-08 18:12:04,704 - INFO -   Processing Employees...
2026-04-08 18:12:06,517 - INFO -   Fetched 408 rows from View_Employees
2026-04-08 18:12:06,889 - INFO -   Processing Roles...
2026-04-08 18:12:07,138 - INFO -   Fetched 121 rows from View_Roles
2026-04-08 18:12:07,155 - INFO -   Processing Vendors...
2026-04-08 18:12:07,415 - INFO -   Fetched 10 rows from View_GetAllVendors
2026-04-08 18:12:07,518 - INFO -   Processing Plant...
2026-04-08 18:12:07,792 - INFO -   Fetched 152 rows from View_GetAllPlants
2026-04-08 18:12:07,934 - INFO -   Processing Line...
2026-04-08 18:12:08,197 - INFO -   Fetched 81 rows from View_GetAllLines
2026-04-08 18:12:08,440 - INFO -   Processing Machine...
2026-04-08 18:12:09,590 - INFO -   Fetched 517 rows from View_GetAllMachines
2026-04-08 18:12:09,785 - INFO -   Processing DowntimeLosses...
2026-04-08 18:12:11,137 - INFO -   Fetched 351 rows from View_DowntimeLosses
2026-04-08 18:12:11,330 - INFO -   Processing ProductMachineSpeed...
2026-04-08 18:12:11,576 - INFO -   Fetched 218 rows from View_ProductMachineSpeed
2026-04-08 18:12:11,694 - INFO -   Processing ProductionPlan...
2026-04-08 18:12:11,935 - INFO -   Fetched 66 rows from View_ProductionPlan
2026-04-08 18:12:12,128 - INFO -   Processing POOperation...
2026-04-08 18:12:13,114 - INFO -   Fetched 537 rows from View_POOperations
2026-04-08 18:12:13,358 - INFO -   Processing ProductionPlan_RelatedTasks...
2026-04-08 18:12:13,613 - INFO -   Fetched 20 rows from View_ProductionPlan_RelatedTasks
2026-04-08 18:12:13,783 - INFO -   Processing OperationConsumption...
2026-04-08 18:12:14,074 - INFO -   Fetched 201 rows from view_PO_OperationConsumption
2026-04-08 18:12:14,273 - INFO -   Processing WasteLosses...
2026-04-08 18:12:14,625 - INFO -   Fetched 67 rows from View_WasteLosses
2026-04-08 18:12:14,749 - INFO -   Processing ChecklistExecution...
2026-04-08 18:12:15,103 - INFO -   Fetched 239 rows from View_ChecklistExecution
2026-04-08 18:12:15,300 - INFO -   Processing ProductionPlan_Parameters...
2026-04-08 18:29:22,427 - INFO -   Fetched 3201467 rows from View_ProductionPlan_Parameters
2026-04-08 18:46:23,140 - INFO -   Processing ProductionOutput...
2026-04-08 18:46:24,873 - INFO -   Fetched 4778 rows from View_ProductionPlan_Output
2026-04-08 18:46:27,432 - INFO -   Processing ChecklistExecutionDetail...
2026-04-08 18:46:31,302 - INFO -   Fetched 7664 rows from View_ChecklistExecutionDetail
2026-04-08 18:46:32,537 - INFO -   Processing ProductionBatch...
2026-04-08 18:46:32,789 - INFO -   Fetched 250 rows from View_ProductionPlan_Output_Batches
2026-04-08 18:46:32,999 - INFO - Creating relationships...
2026-04-09 11:58:03,807 - INFO - Creating constraints...
2026-04-09 11:58:04,206 - INFO - Creating indexes...
2026-04-09 11:58:05,473 - INFO - Migrating nodes (FULL)...
2026-04-09 11:58:05,473 - INFO -   Processing Group...
2026-04-09 11:58:05,988 - INFO -   Fetched 181 rows from view_GetAllGroups
2026-04-09 11:58:06,570 - INFO -   Processing Product...
2026-04-09 11:58:07,509 - INFO -   Fetched 1832 rows from View_Products
2026-04-09 11:58:07,984 - INFO -   Processing Employees...
2026-04-09 11:58:09,560 - INFO -   Fetched 408 rows from View_Employees
2026-04-09 11:58:09,997 - INFO -   Processing Roles...
2026-04-09 11:58:10,249 - INFO -   Fetched 121 rows from View_Roles
2026-04-09 11:58:10,263 - INFO -   Processing Vendors...
2026-04-09 11:58:10,484 - INFO -   Fetched 10 rows from View_GetAllVendors
2026-04-09 11:58:10,604 - INFO -   Processing Plant...
2026-04-09 11:58:10,863 - INFO -   Fetched 152 rows from View_GetAllPlants
2026-04-09 11:58:11,001 - INFO -   Processing Line...
2026-04-09 11:58:11,237 - INFO -   Fetched 81 rows from View_GetAllLines
2026-04-09 11:58:11,354 - INFO -   Processing Machine...
2026-04-09 11:58:12,141 - INFO -   Fetched 517 rows from View_GetAllMachines
2026-04-09 11:58:12,311 - INFO -   Processing DowntimeLosses...
2026-04-09 11:58:13,572 - INFO -   Fetched 351 rows from View_DowntimeLosses
2026-04-09 11:58:13,798 - INFO -   Processing ProductMachineSpeed...
2026-04-09 11:58:14,033 - INFO -   Fetched 218 rows from View_ProductMachineSpeed
2026-04-09 11:58:14,149 - INFO -   Processing ProductionPlan...
2026-04-09 11:58:14,390 - INFO -   Fetched 66 rows from View_ProductionPlan
2026-04-09 11:58:14,493 - INFO -   Processing POOperation...
2026-04-09 11:58:15,223 - INFO -   Fetched 537 rows from View_POOperations
2026-04-09 11:58:15,713 - INFO -   Processing ProductionPlan_RelatedTasks...
2026-04-09 11:58:15,946 - INFO -   Fetched 20 rows from View_ProductionPlan_RelatedTasks
2026-04-09 11:58:16,069 - INFO -   Processing OperationConsumption...
2026-04-09 11:58:16,343 - INFO -   Fetched 201 rows from view_PO_OperationConsumption
2026-04-09 11:58:16,466 - INFO -   Processing WasteLosses...
2026-04-09 11:58:16,813 - INFO -   Fetched 67 rows from View_WasteLosses
2026-04-09 11:58:16,945 - INFO -   Processing ChecklistExecution...
2026-04-09 11:58:17,236 - INFO -   Fetched 239 rows from View_ChecklistExecution
2026-04-09 11:58:17,458 - INFO -   Processing ProductionPlan_Parameters...
2026-04-09 12:02:59,258 - INFO - [OK] Connected to SQL Server
2026-04-09 12:02:59,299 - INFO - [OK] Connected to Neo4j
2026-04-09 12:02:59,300 - INFO - Creating constraints...
2026-04-09 12:02:59,393 - INFO - Creating indexes...
2026-04-09 12:02:59,793 - INFO - Migrating nodes (FULL)...
2026-04-09 12:02:59,793 - INFO -   Processing Group...
2026-04-09 12:03:00,927 - INFO -   Fetched 181 rows from view_GetAllGroups
2026-04-09 12:03:01,029 - INFO -   [OK] Group: 181 nodes upserted
2026-04-09 12:03:01,029 - INFO -   Processing Product...
2026-04-09 12:03:02,581 - INFO -   Fetched 1832 rows from View_Products
2026-04-09 12:03:02,870 - INFO -   [OK] Product: 1832 nodes upserted
2026-04-09 12:03:02,872 - INFO -   Processing Employees...
2026-04-09 12:03:04,995 - INFO -   Fetched 408 rows from View_Employees
2026-04-09 12:03:05,136 - INFO -   [OK] Employees: 408 nodes upserted
2026-04-09 12:03:05,136 - INFO -   Processing Roles...
2026-04-09 12:03:06,013 - INFO -   Fetched 121 rows from View_Roles
2026-04-09 12:03:06,029 - INFO -   [OK] Roles: 0 nodes upserted
2026-04-09 12:03:06,030 - INFO -   Processing Vendors...
2026-04-09 12:03:06,892 - INFO -   Fetched 10 rows from View_GetAllVendors
2026-04-09 12:03:06,908 - INFO -   [OK] Vendors: 10 nodes upserted
2026-04-09 12:03:06,910 - INFO -   Processing Plant...
2026-04-09 12:03:07,802 - INFO -   Fetched 152 rows from View_GetAllPlants
2026-04-09 12:03:07,880 - INFO -   [OK] Plant: 152 nodes upserted
2026-04-09 12:03:07,880 - INFO -   Processing Line...
2026-04-09 12:03:08,756 - INFO -   Fetched 81 rows from View_GetAllLines
2026-04-09 12:03:08,782 - INFO -   [OK] Line: 81 nodes upserted
2026-04-09 12:03:08,782 - INFO -   Processing Machine...
2026-04-09 12:03:10,193 - INFO -   Fetched 517 rows from View_GetAllMachines
2026-04-09 12:03:10,316 - INFO -   [OK] Machine: 517 nodes upserted
2026-04-09 12:03:10,316 - INFO -   Processing DowntimeLosses...
2026-04-09 12:03:12,192 - INFO -   Fetched 351 rows from View_DowntimeLosses
2026-04-09 12:03:12,297 - INFO -   [OK] DowntimeLosses: 351 nodes upserted
2026-04-09 12:03:12,297 - INFO -   Processing ProductMachineSpeed...
2026-04-09 12:03:13,179 - INFO -   Fetched 218 rows from View_ProductMachineSpeed
2026-04-09 12:03:13,217 - INFO -   [OK] ProductMachineSpeed: 218 nodes upserted
2026-04-09 12:03:13,217 - INFO -   Processing ProductionPlan...
2026-04-09 12:03:14,094 - INFO -   Fetched 66 rows from View_ProductionPlan
2026-04-09 12:03:14,128 - INFO -   [OK] ProductionPlan: 66 nodes upserted
2026-04-09 12:03:14,128 - INFO -   Processing POOperation...
2026-04-09 12:03:15,768 - INFO -   Fetched 537 rows from View_POOperations
2026-04-09 12:03:15,980 - INFO -   [OK] POOperation: 537 nodes upserted
2026-04-09 12:03:15,982 - INFO -   Processing ProductionPlan_RelatedTasks...
2026-04-09 12:03:16,853 - INFO -   Fetched 20 rows from View_ProductionPlan_RelatedTasks
2026-04-09 12:03:16,884 - INFO -   [OK] ProductionPlan_RelatedTasks: 20 nodes upserted
2026-04-09 12:03:16,884 - INFO -   Processing OperationConsumption...
2026-04-09 12:03:17,770 - INFO -   Fetched 201 rows from view_PO_OperationConsumption
2026-04-09 12:03:17,889 - INFO -   [OK] OperationConsumption: 201 nodes upserted
2026-04-09 12:03:17,890 - INFO -   Processing WasteLosses...
2026-04-09 12:03:18,856 - INFO -   Fetched 67 rows from View_WasteLosses
2026-04-09 12:03:18,915 - INFO -   [OK] WasteLosses: 67 nodes upserted
2026-04-09 12:03:18,915 - INFO -   Processing ChecklistExecution...
2026-04-09 12:03:19,848 - INFO -   Fetched 239 rows from View_ChecklistExecution
2026-04-09 12:03:20,013 - INFO -   [OK] ChecklistExecution: 239 nodes upserted
2026-04-09 12:03:20,014 - INFO -   Processing ProductionPlan_Parameters...
2026-04-09 12:18:25,001 - INFO -   Fetched 3201467 rows from View_ProductionPlan_Parameters
2026-04-09 12:36:36,283 - INFO -   [OK] ProductionPlan_Parameters: 3201467 nodes upserted
2026-04-09 12:36:36,283 - INFO -   Processing ProductionOutput...
2026-04-09 12:36:38,511 - INFO -   Fetched 4778 rows from View_ProductionPlan_Output
2026-04-09 12:36:42,661 - INFO -   [OK] ProductionOutput: 4778 nodes upserted
2026-04-09 12:36:42,661 - INFO -   Processing ChecklistExecutionDetail...
2026-04-09 12:36:46,668 - INFO -   Fetched 7664 rows from View_ChecklistExecutionDetail
2026-04-09 12:36:48,795 - INFO -   [OK] ChecklistExecutionDetail: 7664 nodes upserted
2026-04-09 12:36:48,795 - INFO -   Processing ProductionBatch...
2026-04-09 12:36:49,690 - INFO -   Fetched 250 rows from View_ProductionPlan_Output_Batches
2026-04-09 12:36:49,872 - INFO -   [OK] ProductionBatch: 249 nodes upserted
2026-04-09 12:36:49,872 - INFO - Creating relationships...
2026-04-09 12:36:50,314 - INFO -   [OK] HAS_PLANT: 151 relationships
2026-04-09 12:36:50,413 - INFO -   [OK] HAS_LINE: 79 relationships
2026-04-09 12:36:50,539 - INFO -   [OK] HAS_MACHINE: 435 relationships
2026-04-09 12:36:50,622 - INFO -   [OK] PRODUCES_PRODUCT: 62 relationships
2026-04-09 12:36:50,709 - INFO -   [OK] PLANNED_AT_PLANT: 66 relationships
2026-04-09 12:36:50,797 - INFO -   [OK] HAS_DETAIL: 111 relationships
2026-04-09 12:36:50,869 - INFO -   [OK] HAS_OPERATION: 111 relationships
2026-04-09 12:36:50,947 - INFO -   [OK] EXECUTED_ON_MACHINE: 108 relationships
2026-04-09 12:36:51,059 - INFO -   [OK] CONSUMES_MATERIAL: 181 relationships
2026-04-09 12:36:51,169 - INFO -   [OK] PRODUCES_OUTPUT: 348 relationships
2026-04-09 12:36:51,236 - INFO -   [OK] PRODUCES_BATCH: 52 relationships
2026-04-09 12:36:51,303 - INFO -   [OK] HAS_ROLE: 0 relationships
2026-04-09 12:36:51,371 - INFO -   [OK] ASSIGNED_TO_TASK: 20 relationships
2026-04-09 12:36:51,462 - INFO -   [OK] RELATES_TO_OPERATION: 15 relationships
2026-04-09 12:36:51,532 - INFO -   [OK] CAUSES_DOWNTIME: 61 relationships
2026-04-09 12:36:51,591 - INFO -   [OK] GENERATES_WASTE: 64 relationships
2026-04-09 12:36:51,659 - INFO -   [OK] EXECUTES_FOR_OPERATION: 18 relationships
2026-04-09 12:36:51,716 - INFO -   [OK] HAS_CHECKLIST: 17 relationships
2026-04-09 12:36:51,775 - INFO -   [OK] HAS_CHECKLIST_DETAIL: 20 relationships
2026-04-09 12:36:51,873 - INFO -   [OK] PARAMETERS_FOR_OPERATION: 68 relationships
2026-04-09 12:36:51,950 - INFO -   [OK] SUPPLIES_PRODUCT: 0 relationships
2026-04-09 12:36:52,013 - INFO -   [OK] DEFINES_SPEED_FOR: 192 relationships
2026-04-09 12:36:52,040 - INFO -   Group: 181 nodes
2026-04-09 12:36:52,058 - INFO -   Plant: 152 nodes
2026-04-09 12:36:52,087 - INFO -   Line: 81 nodes
2026-04-09 12:36:52,121 - INFO -   Machine: 517 nodes
2026-04-09 12:36:52,143 - INFO -   Product: 1832 nodes
2026-04-09 12:36:52,165 - INFO -   ProductionPlan: 66 nodes
2026-04-09 12:36:52,183 - INFO -   POOperation: 111 nodes
2026-04-09 12:36:52,202 - INFO -   OperationConsumption: 201 nodes
2026-04-09 12:36:52,222 - INFO -   ProductionOutput: 348 nodes
2026-04-09 12:36:52,258 - INFO -   ProductionBatch: 59 nodes
2026-04-09 12:36:52,282 - INFO -   Employees: 408 nodes
2026-04-09 12:36:52,312 - INFO -   Roles: 0 nodes
2026-04-09 12:36:52,331 - INFO -   WasteLosses: 67 nodes
2026-04-09 12:36:52,353 - INFO -   DowntimeLosses: 351 nodes
2026-04-09 12:36:52,376 - INFO -   ProductionPlan_RelatedTasks: 20 nodes
2026-04-09 12:36:52,397 - INFO -   ChecklistExecution: 20 nodes
2026-04-09 12:36:52,412 - INFO -   ChecklistExecutionDetail: 441 nodes
2026-04-09 12:36:52,441 - INFO -   ProductionPlan_Parameters: 72 nodes
2026-04-09 12:36:52,462 - INFO -   Vendors: 10 nodes
2026-04-09 12:36:52,477 - INFO -   ProductMachineSpeed: 218 nodes
2026-04-09 13:36:56,566 - INFO - [OK] Connected to SQL Server
2026-04-09 13:36:56,608 - INFO - [OK] Connected to Neo4j
2026-04-09 13:36:56,608 - INFO - Creating constraints...
2026-04-09 13:36:56,789 - INFO - Creating indexes...
2026-04-09 13:36:57,033 - INFO - Migrating nodes (DELTA)...
2026-04-09 13:36:57,034 - INFO -   Processing Group (delta)...
2026-04-09 13:36:58,170 - INFO -   Fetched 181 rows from view_GetAllGroups
2026-04-09 13:36:58,409 - INFO -   Changed/New: 181 | Unchanged (skipped): 0
2026-04-09 13:36:58,594 - INFO -   [OK] Group: 181 nodes synced
2026-04-09 13:36:58,594 - INFO -   Processing Product (delta)...
2026-04-09 13:37:00,168 - INFO -   Fetched 1832 rows from View_Products
2026-04-09 13:37:00,344 - INFO -   Changed/New: 1832 | Unchanged (skipped): 0
2026-04-09 13:37:00,741 - INFO -   [OK] Product: 1832 nodes synced
2026-04-09 13:37:00,741 - INFO -   Processing Employees (delta)...
2026-04-09 13:37:02,861 - INFO -   Fetched 408 rows from View_Employees
2026-04-09 13:37:02,994 - INFO -   Changed/New: 408 | Unchanged (skipped): 0
2026-04-09 13:37:03,214 - INFO -   [OK] Employees: 408 nodes synced
2026-04-09 13:37:03,214 - INFO -   Processing Roles (delta)...
2026-04-09 13:37:04,108 - INFO -   Fetched 121 rows from View_Roles
2026-04-09 13:37:04,167 - INFO -   Changed/New: 0 | Unchanged (skipped): 0
2026-04-09 13:37:04,168 - INFO -   Processing Vendors (delta)...
2026-04-09 13:37:05,033 - INFO -   Fetched 10 rows from View_GetAllVendors
2026-04-09 13:37:05,095 - INFO -   Changed/New: 10 | Unchanged (skipped): 0
2026-04-09 13:37:05,164 - INFO -   [OK] Vendors: 10 nodes synced
2026-04-09 13:37:05,164 - INFO -   Processing Plant (delta)...
2026-04-09 13:37:06,085 - INFO -   Fetched 152 rows from View_GetAllPlants
2026-04-09 13:37:06,144 - INFO -   Changed/New: 152 | Unchanged (skipped): 0
2026-04-09 13:37:06,228 - INFO -   [OK] Plant: 152 nodes synced
2026-04-09 13:37:06,231 - INFO -   Processing Line (delta)...
2026-04-09 13:37:07,105 - INFO -   Fetched 81 rows from View_GetAllLines
2026-04-09 13:37:07,167 - INFO -   Changed/New: 81 | Unchanged (skipped): 0
2026-04-09 13:37:07,223 - INFO -   [OK] Line: 81 nodes synced
2026-04-09 13:37:07,225 - INFO -   Processing Machine (delta)...
2026-04-09 13:37:08,671 - INFO -   Fetched 517 rows from View_GetAllMachines
2026-04-09 13:37:08,758 - INFO -   Changed/New: 517 | Unchanged (skipped): 0
2026-04-09 13:37:08,884 - INFO -   [OK] Machine: 517 nodes synced
2026-04-09 13:37:08,884 - INFO -   Processing DowntimeLosses (delta)...
2026-04-09 13:37:10,761 - INFO -   Fetched 351 rows from View_DowntimeLosses
2026-04-09 13:37:10,865 - INFO -   Changed/New: 351 | Unchanged (skipped): 0
2026-04-09 13:37:11,027 - INFO -   [OK] DowntimeLosses: 351 nodes synced
2026-04-09 13:37:11,028 - INFO -   Processing ProductMachineSpeed (delta)...
2026-04-09 13:37:11,905 - INFO -   Fetched 218 rows from View_ProductMachineSpeed
2026-04-09 13:37:11,991 - INFO -   Changed/New: 218 | Unchanged (skipped): 0
2026-04-09 13:37:12,091 - INFO -   [OK] ProductMachineSpeed: 218 nodes synced
2026-04-09 13:37:12,097 - INFO -   Processing ProductionPlan (delta)...
2026-04-09 13:37:13,001 - INFO -   Fetched 66 rows from View_ProductionPlan
2026-04-09 13:37:13,053 - INFO -   Changed/New: 66 | Unchanged (skipped): 0
2026-04-09 13:37:13,123 - INFO -   [OK] ProductionPlan: 66 nodes synced
2026-04-09 13:37:13,123 - INFO -   Processing POOperation (delta)...
2026-04-09 13:37:14,458 - INFO -   Fetched 537 rows from View_POOperations
2026-04-09 13:37:14,528 - INFO -   Changed/New: 537 | Unchanged (skipped): 0
2026-04-09 13:37:14,714 - INFO -   [OK] POOperation: 537 nodes synced
2026-04-09 13:37:14,714 - INFO -   Processing ProductionPlan_RelatedTasks (delta)...
2026-04-09 13:37:15,602 - INFO -   Fetched 20 rows from View_ProductionPlan_RelatedTasks
2026-04-09 13:37:15,665 - INFO -   Changed/New: 20 | Unchanged (skipped): 0
2026-04-09 13:37:15,764 - INFO -   [OK] ProductionPlan_RelatedTasks: 20 nodes synced
2026-04-09 13:37:15,764 - INFO -   Processing OperationConsumption (delta)...
2026-04-09 13:37:16,679 - INFO -   Fetched 201 rows from view_PO_OperationConsumption
2026-04-09 13:37:16,746 - INFO -   Changed/New: 201 | Unchanged (skipped): 0
2026-04-09 13:37:16,915 - INFO -   [OK] OperationConsumption: 201 nodes synced
2026-04-09 13:37:16,918 - INFO -   Processing WasteLosses (delta)...
2026-04-09 13:37:17,900 - INFO -   Fetched 67 rows from View_WasteLosses
2026-04-09 13:37:17,947 - INFO -   Changed/New: 67 | Unchanged (skipped): 0
2026-04-09 13:37:18,030 - INFO -   [OK] WasteLosses: 67 nodes synced
2026-04-09 13:37:18,030 - INFO -   Processing ChecklistExecution (delta)...
2026-04-09 13:37:18,974 - INFO -   Fetched 239 rows from View_ChecklistExecution
2026-04-09 13:37:19,049 - INFO -   Changed/New: 239 | Unchanged (skipped): 0
2026-04-09 13:37:19,141 - INFO -   [OK] ChecklistExecution: 239 nodes synced
2026-04-09 13:37:19,141 - INFO -   Processing ProductionPlan_Parameters (delta)...
2026-04-09 13:49:19,057 - INFO -   Fetched 3201545 rows from View_ProductionPlan_Parameters
2026-04-09 14:02:30,264 - INFO -   Changed/New: 3201545 | Unchanged (skipped): 0
2026-04-09 14:08:18,590 - INFO -   [OK] ProductionPlan_Parameters: 3201545 nodes synced
2026-04-09 14:08:18,590 - INFO -   Processing ProductionOutput (delta)...
2026-04-09 14:08:21,214 - INFO -   Fetched 4778 rows from View_ProductionPlan_Output
2026-04-09 14:08:23,113 - INFO -   Changed/New: 4778 | Unchanged (skipped): 0
2026-04-09 14:08:23,767 - INFO -   [OK] ProductionOutput: 4778 nodes synced
2026-04-09 14:08:23,774 - INFO -   Processing ChecklistExecutionDetail (delta)...
2026-04-09 14:08:26,625 - INFO -   Fetched 7664 rows from View_ChecklistExecutionDetail
2026-04-09 14:08:27,224 - INFO -   Changed/New: 7664 | Unchanged (skipped): 0
2026-04-09 14:08:27,748 - INFO -   [OK] ChecklistExecutionDetail: 7664 nodes synced
2026-04-09 14:08:27,748 - INFO -   Processing ProductionBatch (delta)...
2026-04-09 14:08:28,662 - INFO -   Fetched 250 rows from View_ProductionPlan_Output_Batches
2026-04-09 14:08:28,745 - INFO -   Changed/New: 249 | Unchanged (skipped): 0
2026-04-09 14:08:28,812 - INFO -   [OK] ProductionBatch: 249 nodes synced
2026-04-09 14:08:28,819 - INFO - Creating relationships...
2026-04-09 14:08:28,845 - INFO -   [OK] HAS_PLANT: 151 relationships
2026-04-09 14:08:28,845 - INFO -   [OK] HAS_LINE: 79 relationships
2026-04-09 14:08:28,861 - INFO -   [OK] HAS_MACHINE: 435 relationships
2026-04-09 14:08:28,869 - INFO -   [OK] PRODUCES_PRODUCT: 62 relationships
2026-04-09 14:08:28,874 - INFO -   [OK] PLANNED_AT_PLANT: 66 relationships
2026-04-09 14:08:28,879 - INFO -   [OK] HAS_DETAIL: 111 relationships
2026-04-09 14:08:28,888 - INFO -   [OK] HAS_OPERATION: 111 relationships
2026-04-09 14:08:28,894 - INFO -   [OK] EXECUTED_ON_MACHINE: 108 relationships
2026-04-09 14:08:28,901 - INFO -   [OK] CONSUMES_MATERIAL: 181 relationships
2026-04-09 14:08:28,911 - INFO -   [OK] PRODUCES_OUTPUT: 348 relationships
2026-04-09 14:08:28,916 - INFO -   [OK] PRODUCES_BATCH: 52 relationships
2026-04-09 14:08:28,921 - INFO -   [OK] HAS_ROLE: 0 relationships
2026-04-09 14:08:28,928 - INFO -   [OK] ASSIGNED_TO_TASK: 20 relationships
2026-04-09 14:08:28,936 - INFO -   [OK] RELATES_TO_OPERATION: 15 relationships
2026-04-09 14:08:28,943 - INFO -   [OK] CAUSES_DOWNTIME: 61 relationships
2026-04-09 14:08:28,950 - INFO -   [OK] GENERATES_WASTE: 64 relationships
2026-04-09 14:08:28,958 - INFO -   [OK] EXECUTES_FOR_OPERATION: 18 relationships
2026-04-09 14:08:28,965 - INFO -   [OK] HAS_CHECKLIST: 17 relationships
2026-04-09 14:08:28,970 - INFO -   [OK] HAS_CHECKLIST_DETAIL: 20 relationships
2026-04-09 14:08:28,992 - INFO -   [OK] PARAMETERS_FOR_OPERATION: 68 relationships
2026-04-09 14:08:29,002 - INFO -   [OK] SUPPLIES_PRODUCT: 0 relationships
2026-04-09 14:08:29,006 - INFO -   [OK] DEFINES_SPEED_FOR: 192 relationships
2026-04-09 14:08:29,009 - INFO -   Group: 181 nodes
2026-04-09 14:08:29,012 - INFO -   Plant: 152 nodes
2026-04-09 14:08:29,016 - INFO -   Line: 81 nodes
2026-04-09 14:08:29,019 - INFO -   Machine: 517 nodes
2026-04-09 14:08:29,024 - INFO -   Product: 1832 nodes
2026-04-09 14:08:29,027 - INFO -   ProductionPlan: 66 nodes
2026-04-09 14:08:29,030 - INFO -   POOperation: 111 nodes
2026-04-09 14:08:29,034 - INFO -   OperationConsumption: 201 nodes
2026-04-09 14:08:29,038 - INFO -   ProductionOutput: 348 nodes
2026-04-09 14:08:29,040 - INFO -   ProductionBatch: 59 nodes
2026-04-09 14:08:29,042 - INFO -   Employees: 408 nodes
2026-04-09 14:08:29,046 - INFO -   Roles: 0 nodes
2026-04-09 14:08:29,050 - INFO -   WasteLosses: 67 nodes
2026-04-09 14:08:29,053 - INFO -   DowntimeLosses: 351 nodes
2026-04-09 14:08:29,057 - INFO -   ProductionPlan_RelatedTasks: 20 nodes
2026-04-09 14:08:29,059 - INFO -   ChecklistExecution: 20 nodes
2026-04-09 14:08:29,063 - INFO -   ChecklistExecutionDetail: 441 nodes
2026-04-09 14:08:29,066 - INFO -   ProductionPlan_Parameters: 72 nodes
2026-04-09 14:08:29,068 - INFO -   Vendors: 10 nodes
2026-04-09 14:08:29,072 - INFO -   ProductMachineSpeed: 218 nodes
2026-04-09 15:08:37,312 - INFO - [OK] Connected to SQL Server
2026-04-09 15:08:37,348 - INFO - [OK] Connected to Neo4j
2026-04-09 15:08:37,348 - INFO - Creating constraints...
2026-04-09 15:08:37,418 - INFO - Creating indexes...
2026-04-09 15:08:37,749 - INFO - Migrating nodes (DELTA)...
2026-04-09 15:08:37,749 - INFO -   Processing Group (delta)...
2026-04-09 15:08:41,176 - INFO -   Fetched 181 rows from view_GetAllGroups
2026-04-09 15:08:41,353 - INFO -   Changed/New: 0 | Unchanged (skipped): 181
2026-04-09 15:08:41,353 - INFO -   Processing Product (delta)...
2026-04-09 15:09:17,468 - INFO -   Fetched 1832 rows from View_Products
2026-04-09 15:09:18,090 - INFO -   Changed/New: 0 | Unchanged (skipped): 1832
2026-04-09 15:09:18,090 - INFO -   Processing Employees (delta)...
2026-04-09 15:09:30,308 - INFO -   Fetched 408 rows from View_Employees
2026-04-09 15:09:30,604 - INFO -   Changed/New: 0 | Unchanged (skipped): 408
2026-04-09 15:09:30,605 - INFO -   Processing Roles (delta)...
2026-04-09 15:09:31,647 - INFO -   Fetched 121 rows from View_Roles
2026-04-09 15:09:31,694 - INFO -   Changed/New: 0 | Unchanged (skipped): 0
2026-04-09 15:09:31,694 - INFO -   Processing Vendors (delta)...
2026-04-09 15:09:32,818 - INFO -   Fetched 10 rows from View_GetAllVendors
2026-04-09 15:09:32,858 - INFO -   Changed/New: 0 | Unchanged (skipped): 10
2026-04-09 15:09:32,860 - INFO -   Processing Plant (delta)...
2026-04-09 15:09:34,505 - INFO -   Fetched 152 rows from View_GetAllPlants
2026-04-09 15:09:34,564 - INFO -   Changed/New: 0 | Unchanged (skipped): 152
2026-04-09 15:09:34,564 - INFO -   Processing Line (delta)...
2026-04-09 15:09:35,774 - INFO -   Fetched 81 rows from View_GetAllLines
2026-04-09 15:09:35,850 - INFO -   Changed/New: 0 | Unchanged (skipped): 81
2026-04-09 15:09:35,850 - INFO -   Processing Machine (delta)...
2026-04-09 15:09:41,444 - INFO -   Fetched 517 rows from View_GetAllMachines
2026-04-09 15:09:41,705 - INFO -   Changed/New: 0 | Unchanged (skipped): 517
2026-04-09 15:09:41,705 - INFO -   Processing DowntimeLosses (delta)...
2026-04-09 15:10:17,223 - INFO -   Fetched 351 rows from View_DowntimeLosses
2026-04-09 15:10:17,376 - INFO -   Changed/New: 0 | Unchanged (skipped): 351
2026-04-09 15:10:17,376 - INFO -   Processing ProductMachineSpeed (delta)...
2026-04-09 15:10:48,962 - INFO -   Fetched 218 rows from View_ProductMachineSpeed
2026-04-09 15:10:49,021 - INFO -   Changed/New: 0 | Unchanged (skipped): 218
2026-04-09 15:10:49,029 - INFO -   Processing ProductionPlan (delta)...
2026-04-09 15:10:52,185 - INFO -   Fetched 66 rows from View_ProductionPlan
2026-04-09 15:10:52,240 - INFO -   Changed/New: 0 | Unchanged (skipped): 66
2026-04-09 15:10:52,240 - INFO -   Processing POOperation (delta)...
2026-04-09 15:10:54,434 - INFO -   Fetched 537 rows from View_POOperations
2026-04-09 15:10:54,602 - INFO -   Changed/New: 426 | Unchanged (skipped): 111
2026-04-09 15:10:54,748 - INFO -   [OK] POOperation: 426 nodes synced
2026-04-09 15:10:54,750 - INFO -   Processing ProductionPlan_RelatedTasks (delta)...
2026-04-09 15:10:56,280 - INFO -   Fetched 20 rows from View_ProductionPlan_RelatedTasks
2026-04-09 15:10:56,315 - INFO -   Changed/New: 0 | Unchanged (skipped): 20
2026-04-09 15:10:56,317 - INFO -   Processing OperationConsumption (delta)...
2026-04-09 15:11:04,387 - INFO -   Fetched 201 rows from view_PO_OperationConsumption
2026-04-09 15:11:04,483 - INFO -   Changed/New: 0 | Unchanged (skipped): 201
2026-04-09 15:11:04,483 - INFO -   Processing WasteLosses (delta)...
2026-04-09 15:11:06,435 - INFO -   Fetched 67 rows from View_WasteLosses
2026-04-09 15:11:06,473 - INFO -   Changed/New: 0 | Unchanged (skipped): 67
2026-04-09 15:11:06,473 - INFO -   Processing ChecklistExecution (delta)...
2026-04-09 15:11:08,982 - INFO -   Fetched 239 rows from View_ChecklistExecution
2026-04-09 15:11:09,070 - INFO -   Changed/New: 219 | Unchanged (skipped): 20
2026-04-09 15:11:09,168 - INFO -   [OK] ChecklistExecution: 219 nodes synced
2026-04-09 15:11:09,175 - INFO -   Processing ProductionPlan_Parameters (delta)...
2026-04-09 15:14:42,421 - ERROR -   Error fetching View_ProductionPlan_Parameters: (pyodbc.OperationalError) ('08S01', '[08S01] [Microsoft][ODBC Driver 17 for SQL Server]TCP Provider: A connection attempt failed because the connected party did not properly respond after a period of time, or established connection failed because connected host has failed to respond.\r\n (10060) (SQLGetData); [08S01] [Microsoft][ODBC Driver 17 for SQL Server]Communication link failure (10060)')
(Background on this error at: https://sqlalche.me/e/20/e3q8)
2026-04-09 15:14:42,426 - INFO -   Processing ProductionOutput (delta)...
2026-04-09 15:15:10,660 - INFO -   Fetched 4778 rows from View_ProductionPlan_Output
2026-04-09 15:15:11,995 - INFO -   Changed/New: 3112 | Unchanged (skipped): 1666
2026-04-09 15:15:12,805 - INFO -   [OK] ProductionOutput: 3112 nodes synced
2026-04-09 15:15:12,805 - INFO -   Processing ChecklistExecutionDetail (delta)...
2026-04-09 15:15:20,021 - INFO -   Fetched 7664 rows from View_ChecklistExecutionDetail
2026-04-09 15:15:21,360 - INFO -   Changed/New: 7165 | Unchanged (skipped): 499
2026-04-09 15:15:22,465 - INFO -   [OK] ChecklistExecutionDetail: 7165 nodes synced
2026-04-09 15:15:22,465 - INFO -   Processing ProductionBatch (delta)...
2026-04-09 15:15:23,491 - INFO -   Fetched 250 rows from View_ProductionPlan_Output_Batches
2026-04-09 15:15:23,563 - INFO -   Changed/New: 190 | Unchanged (skipped): 59
2026-04-09 15:15:23,655 - INFO -   [OK] ProductionBatch: 190 nodes synced
2026-04-09 15:15:23,656 - INFO - Creating relationships...
2026-04-09 15:15:23,664 - INFO -   [OK] HAS_PLANT: 151 relationships
2026-04-09 15:15:23,675 - INFO -   [OK] HAS_LINE: 79 relationships
2026-04-09 15:15:23,700 - INFO -   [OK] HAS_MACHINE: 435 relationships
2026-04-09 15:15:23,749 - INFO -   [OK] PRODUCES_PRODUCT: 62 relationships
2026-04-09 15:15:23,762 - INFO -   [OK] PLANNED_AT_PLANT: 66 relationships
2026-04-09 15:15:23,771 - INFO -   [OK] HAS_DETAIL: 111 relationships
2026-04-09 15:15:23,781 - INFO -   [OK] HAS_OPERATION: 111 relationships
2026-04-09 15:15:23,793 - INFO -   [OK] EXECUTED_ON_MACHINE: 108 relationships
2026-04-09 15:15:23,804 - INFO -   [OK] CONSUMES_MATERIAL: 181 relationships
2026-04-09 15:15:23,820 - INFO -   [OK] PRODUCES_OUTPUT: 348 relationships
2026-04-09 15:15:23,849 - INFO -   [OK] PRODUCES_BATCH: 53 relationships
2026-04-09 15:15:23,856 - INFO -   [OK] HAS_ROLE: 0 relationships
2026-04-09 15:15:23,862 - INFO -   [OK] ASSIGNED_TO_TASK: 20 relationships
2026-04-09 15:15:23,874 - INFO -   [OK] RELATES_TO_OPERATION: 15 relationships
2026-04-09 15:15:23,892 - INFO -   [OK] CAUSES_DOWNTIME: 61 relationships
2026-04-09 15:15:23,910 - INFO -   [OK] GENERATES_WASTE: 64 relationships
2026-04-09 15:15:23,937 - INFO -   [OK] EXECUTES_FOR_OPERATION: 18 relationships
2026-04-09 15:15:23,950 - INFO -   [OK] HAS_CHECKLIST: 17 relationships
2026-04-09 15:15:23,970 - INFO -   [OK] HAS_CHECKLIST_DETAIL: 20 relationships
2026-04-09 15:15:23,975 - INFO -   [OK] PARAMETERS_FOR_OPERATION: 68 relationships
2026-04-09 15:15:23,982 - INFO -   [OK] SUPPLIES_PRODUCT: 0 relationships
2026-04-09 15:15:23,996 - INFO -   [OK] DEFINES_SPEED_FOR: 192 relationships
2026-04-09 15:15:24,003 - INFO -   Group: 181 nodes
2026-04-09 15:15:24,020 - INFO -   Plant: 152 nodes
2026-04-09 15:15:24,031 - INFO -   Line: 81 nodes
2026-04-09 15:15:24,041 - INFO -   Machine: 517 nodes
2026-04-09 15:15:24,048 - INFO -   Product: 1832 nodes
2026-04-09 15:15:24,057 - INFO -   ProductionPlan: 66 nodes
2026-04-09 15:15:24,066 - INFO -   POOperation: 111 nodes
2026-04-09 15:15:24,075 - INFO -   OperationConsumption: 201 nodes
2026-04-09 15:15:24,082 - INFO -   ProductionOutput: 348 nodes
2026-04-09 15:15:24,089 - INFO -   ProductionBatch: 59 nodes
2026-04-09 15:15:24,100 - INFO -   Employees: 408 nodes
2026-04-09 15:15:24,111 - INFO -   Roles: 0 nodes
2026-04-09 15:15:24,121 - INFO -   WasteLosses: 67 nodes
2026-04-09 15:15:24,131 - INFO -   DowntimeLosses: 351 nodes
2026-04-09 15:15:24,141 - INFO -   ProductionPlan_RelatedTasks: 20 nodes
2026-04-09 15:15:24,151 - INFO -   ChecklistExecution: 20 nodes
2026-04-09 15:15:24,158 - INFO -   ChecklistExecutionDetail: 441 nodes
2026-04-09 15:15:24,164 - INFO -   ProductionPlan_Parameters: 72 nodes
2026-04-09 15:15:24,170 - INFO -   Vendors: 10 nodes
2026-04-09 15:15:24,177 - INFO -   ProductMachineSpeed: 218 nodes
2026-04-09 16:15:28,129 - INFO - [OK] Connected to SQL Server
2026-04-09 16:15:28,176 - INFO - [OK] Connected to Neo4j
2026-04-09 16:15:28,177 - INFO - Creating constraints...
2026-04-09 16:15:28,277 - INFO - Creating indexes...
2026-04-09 16:15:28,681 - INFO - Migrating nodes (DELTA)...
2026-04-09 16:15:28,681 - INFO -   Processing Group (delta)...
2026-04-09 16:15:29,926 - INFO -   Fetched 181 rows from view_GetAllGroups
2026-04-09 16:15:30,017 - INFO -   Changed/New: 0 | Unchanged (skipped): 181
2026-04-09 16:15:30,018 - INFO -   Processing Product (delta)...
2026-04-09 16:15:31,743 - INFO -   Fetched 1832 rows from View_Products
2026-04-09 16:15:32,281 - INFO -   Changed/New: 0 | Unchanged (skipped): 1832
2026-04-09 16:15:32,282 - INFO -   Processing Employees (delta)...
2026-04-09 16:15:35,098 - INFO -   Fetched 408 rows from View_Employees
2026-04-09 16:15:35,335 - INFO -   Changed/New: 0 | Unchanged (skipped): 408
2026-04-09 16:15:35,335 - INFO -   Processing Roles (delta)...
2026-04-09 16:15:36,304 - INFO -   Fetched 121 rows from View_Roles
2026-04-09 16:15:36,340 - INFO -   Changed/New: 0 | Unchanged (skipped): 0
2026-04-09 16:15:36,340 - INFO -   Processing Vendors (delta)...
2026-04-09 16:15:37,443 - INFO -   Fetched 10 rows from View_GetAllVendors
2026-04-09 16:15:37,454 - INFO -   Changed/New: 0 | Unchanged (skipped): 10
2026-04-09 16:15:37,459 - INFO -   Processing Plant (delta)...
2026-04-09 16:15:38,419 - INFO -   Fetched 152 rows from View_GetAllPlants
2026-04-09 16:15:38,513 - INFO -   Changed/New: 0 | Unchanged (skipped): 152
2026-04-09 16:15:38,514 - INFO -   Processing Line (delta)...
2026-04-09 16:15:39,441 - INFO -   Fetched 81 rows from View_GetAllLines
2026-04-09 16:15:39,482 - INFO -   Changed/New: 0 | Unchanged (skipped): 81
2026-04-09 16:15:39,483 - INFO -   Processing Machine (delta)...
2026-04-09 16:15:40,987 - INFO -   Fetched 517 rows from View_GetAllMachines
2026-04-09 16:15:41,156 - INFO -   Changed/New: 0 | Unchanged (skipped): 517
2026-04-09 16:15:41,157 - INFO -   Processing DowntimeLosses (delta)...
2026-04-09 16:15:43,130 - INFO -   Fetched 351 rows from View_DowntimeLosses
2026-04-09 16:15:43,285 - INFO -   Changed/New: 0 | Unchanged (skipped): 351
2026-04-09 16:15:43,286 - INFO -   Processing ProductMachineSpeed (delta)...
2026-04-09 16:15:44,217 - INFO -   Fetched 218 rows from View_ProductMachineSpeed
2026-04-09 16:15:44,293 - INFO -   Changed/New: 0 | Unchanged (skipped): 218
2026-04-09 16:15:44,293 - INFO -   Processing ProductionPlan (delta)...
2026-04-09 16:15:45,235 - INFO -   Fetched 66 rows from View_ProductionPlan
2026-04-09 16:15:45,274 - INFO -   Changed/New: 0 | Unchanged (skipped): 66
2026-04-09 16:15:45,274 - INFO -   Processing POOperation (delta)...
2026-04-09 16:15:46,715 - INFO -   Fetched 537 rows from View_POOperations
2026-04-09 16:15:46,869 - INFO -   Changed/New: 426 | Unchanged (skipped): 111
2026-04-09 16:15:47,040 - INFO -   [OK] POOperation: 426 nodes synced
2026-04-09 16:15:47,041 - INFO -   Processing ProductionPlan_RelatedTasks (delta)...
2026-04-09 16:15:47,993 - INFO -   Fetched 20 rows from View_ProductionPlan_RelatedTasks
2026-04-09 16:15:48,007 - INFO -   Changed/New: 0 | Unchanged (skipped): 20
2026-04-09 16:15:48,008 - INFO -   Processing OperationConsumption (delta)...
2026-04-09 16:15:49,090 - INFO -   Fetched 201 rows from view_PO_OperationConsumption
2026-04-09 16:15:49,213 - INFO -   Changed/New: 0 | Unchanged (skipped): 201
2026-04-09 16:15:49,213 - INFO -   Processing WasteLosses (delta)...
2026-04-09 16:15:50,303 - INFO -   Fetched 67 rows from View_WasteLosses
2026-04-09 16:15:50,379 - INFO -   Changed/New: 0 | Unchanged (skipped): 67
2026-04-09 16:15:50,380 - INFO -   Processing ChecklistExecution (delta)...
2026-04-09 16:15:51,417 - INFO -   Fetched 239 rows from View_ChecklistExecution
2026-04-09 16:15:51,518 - INFO -   Changed/New: 219 | Unchanged (skipped): 20
2026-04-09 16:15:51,669 - INFO -   [OK] ChecklistExecution: 219 nodes synced
2026-04-09 16:15:51,669 - INFO -   Processing ProductionPlan_Parameters (delta)...
2026-04-09 16:41:17,346 - INFO -   Fetched 3201905 rows from View_ProductionPlan_Parameters
2026-04-09 16:54:11,945 - INFO -   Changed/New: 3200842 | Unchanged (skipped): 1063
2026-04-09 17:05:31,169 - INFO -   [OK] ProductionPlan_Parameters: 3200842 nodes synced
2026-04-09 17:05:31,171 - INFO -   Processing ProductionOutput (delta)...
2026-04-09 17:06:04,069 - INFO -   Fetched 4778 rows from View_ProductionPlan_Output
2026-04-09 17:06:09,566 - INFO -   Changed/New: 3166 | Unchanged (skipped): 1612
2026-04-09 17:06:10,494 - INFO -   [OK] ProductionOutput: 3166 nodes synced
2026-04-09 17:06:10,496 - INFO -   Processing ChecklistExecutionDetail (delta)...
2026-04-09 17:06:31,446 - INFO -   Fetched 7664 rows from View_ChecklistExecutionDetail
2026-04-09 17:06:32,972 - INFO -   Changed/New: 7165 | Unchanged (skipped): 499
2026-04-09 17:06:33,993 - INFO -   [OK] ChecklistExecutionDetail: 7165 nodes synced
2026-04-09 17:06:33,994 - INFO -   Processing ProductionBatch (delta)...
2026-04-09 17:06:34,954 - INFO -   Fetched 250 rows from View_ProductionPlan_Output_Batches
2026-04-09 17:06:35,073 - INFO -   Changed/New: 190 | Unchanged (skipped): 59
2026-04-09 17:06:35,145 - INFO -   [OK] ProductionBatch: 190 nodes synced
2026-04-09 17:06:35,146 - INFO - Creating relationships...
2026-04-09 17:06:35,163 - INFO -   [OK] HAS_PLANT: 151 relationships
2026-04-09 17:06:35,168 - INFO -   [OK] HAS_LINE: 79 relationships
2026-04-09 17:06:35,177 - INFO -   [OK] HAS_MACHINE: 435 relationships
2026-04-09 17:06:35,189 - INFO -   [OK] PRODUCES_PRODUCT: 62 relationships
2026-04-09 17:06:35,197 - INFO -   [OK] PLANNED_AT_PLANT: 66 relationships
2026-04-09 17:06:35,204 - INFO -   [OK] HAS_DETAIL: 111 relationships
2026-04-09 17:06:35,210 - INFO -   [OK] HAS_OPERATION: 111 relationships
2026-04-09 17:06:35,220 - INFO -   [OK] EXECUTED_ON_MACHINE: 108 relationships
2026-04-09 17:06:35,230 - INFO -   [OK] CONSUMES_MATERIAL: 181 relationships
2026-04-09 17:06:35,236 - INFO -   [OK] PRODUCES_OUTPUT: 348 relationships
2026-04-09 17:06:35,467 - INFO -   [OK] PRODUCES_BATCH: 52 relationships
2026-04-09 17:06:35,473 - INFO -   [OK] HAS_ROLE: 0 relationships
2026-04-09 17:06:35,482 - INFO -   [OK] ASSIGNED_TO_TASK: 20 relationships
2026-04-09 17:06:35,498 - INFO -   [OK] RELATES_TO_OPERATION: 15 relationships
2026-04-09 17:06:35,516 - INFO -   [OK] CAUSES_DOWNTIME: 61 relationships
2026-04-09 17:06:35,534 - INFO -   [OK] GENERATES_WASTE: 64 relationships
2026-04-09 17:06:35,551 - INFO -   [OK] EXECUTES_FOR_OPERATION: 18 relationships
2026-04-09 17:06:35,671 - INFO -   [OK] HAS_CHECKLIST: 17 relationships
2026-04-09 17:06:35,739 - INFO -   [OK] HAS_CHECKLIST_DETAIL: 20 relationships
2026-04-09 17:06:35,767 - INFO -   [OK] PARAMETERS_FOR_OPERATION: 68 relationships
2026-04-09 17:06:35,784 - INFO -   [OK] SUPPLIES_PRODUCT: 0 relationships
2026-04-09 17:06:35,805 - INFO -   [OK] DEFINES_SPEED_FOR: 192 relationships
2026-04-09 17:06:35,823 - INFO -   Group: 181 nodes
2026-04-09 17:06:35,841 - INFO -   Plant: 152 nodes
2026-04-09 17:06:35,858 - INFO -   Line: 81 nodes
2026-04-09 17:06:35,869 - INFO -   Machine: 517 nodes
2026-04-09 17:06:35,886 - INFO -   Product: 1832 nodes
2026-04-09 17:06:35,898 - INFO -   ProductionPlan: 66 nodes
2026-04-09 17:06:35,906 - INFO -   POOperation: 111 nodes
2026-04-09 17:06:35,915 - INFO -   OperationConsumption: 201 nodes
2026-04-09 17:06:35,925 - INFO -   ProductionOutput: 348 nodes
2026-04-09 17:06:35,935 - INFO -   ProductionBatch: 59 nodes
2026-04-09 17:06:35,946 - INFO -   Employees: 408 nodes
2026-04-09 17:06:35,965 - INFO -   Roles: 0 nodes
2026-04-09 17:06:35,974 - INFO -   WasteLosses: 67 nodes
2026-04-09 17:06:35,983 - INFO -   DowntimeLosses: 351 nodes
2026-04-09 17:06:35,992 - INFO -   ProductionPlan_RelatedTasks: 20 nodes
2026-04-09 17:06:36,005 - INFO -   ChecklistExecution: 20 nodes
2026-04-09 17:06:36,021 - INFO -   ChecklistExecutionDetail: 441 nodes
2026-04-09 17:06:36,033 - INFO -   ProductionPlan_Parameters: 72 nodes
2026-04-09 17:06:36,050 - INFO -   Vendors: 10 nodes
2026-04-09 17:06:36,069 - INFO -   ProductMachineSpeed: 218 nodes
2026-04-09 18:06:40,394 - INFO - [OK] Connected to SQL Server
2026-04-09 18:06:40,460 - INFO - [OK] Connected to Neo4j
2026-04-09 18:06:40,461 - INFO - Creating constraints...
2026-04-09 18:06:40,596 - INFO - Creating indexes...
2026-04-09 18:06:40,962 - INFO - Migrating nodes (DELTA)...
2026-04-09 18:06:40,963 - INFO -   Processing Group (delta)...
2026-04-09 18:06:42,309 - INFO -   Fetched 181 rows from view_GetAllGroups
2026-04-09 18:06:42,429 - INFO -   Changed/New: 0 | Unchanged (skipped): 181
2026-04-09 18:06:42,430 - INFO -   Processing Product (delta)...
2026-04-09 18:06:44,623 - INFO -   Fetched 1832 rows from View_Products
2026-04-09 18:06:45,120 - INFO -   Changed/New: 0 | Unchanged (skipped): 1832
2026-04-09 18:06:45,120 - INFO -   Processing Employees (delta)...
2026-04-09 18:06:46,624 - INFO -   Fetched 408 rows from View_Employees
2026-04-09 18:06:46,831 - INFO -   Changed/New: 0 | Unchanged (skipped): 408
2026-04-09 18:06:46,832 - INFO -   Processing Roles (delta)...
2026-04-09 18:06:47,814 - INFO -   Fetched 121 rows from View_Roles
2026-04-09 18:06:47,856 - INFO -   Changed/New: 0 | Unchanged (skipped): 0
2026-04-09 18:06:47,857 - INFO -   Processing Vendors (delta)...
2026-04-09 18:06:48,840 - INFO -   Fetched 10 rows from View_GetAllVendors
2026-04-09 18:06:48,851 - INFO -   Changed/New: 0 | Unchanged (skipped): 10
2026-04-09 18:06:48,855 - INFO -   Processing Plant (delta)...
2026-04-09 18:06:49,843 - INFO -   Fetched 152 rows from View_GetAllPlants
2026-04-09 18:06:49,907 - INFO -   Changed/New: 0 | Unchanged (skipped): 152
2026-04-09 18:06:49,909 - INFO -   Processing Line (delta)...
2026-04-09 18:06:50,887 - INFO -   Fetched 81 rows from View_GetAllLines
2026-04-09 18:06:50,948 - INFO -   Changed/New: 0 | Unchanged (skipped): 81
2026-04-09 18:06:50,949 - INFO -   Processing Machine (delta)...
2026-04-09 18:06:52,801 - INFO -   Fetched 517 rows from View_GetAllMachines
2026-04-09 18:06:53,031 - INFO -   Changed/New: 0 | Unchanged (skipped): 517
2026-04-09 18:06:53,031 - INFO -   Processing DowntimeLosses (delta)...
2026-04-09 18:06:54,528 - INFO -   Fetched 351 rows from View_DowntimeLosses
2026-04-09 18:06:54,726 - INFO -   Changed/New: 0 | Unchanged (skipped): 351
2026-04-09 18:06:54,727 - INFO -   Processing ProductMachineSpeed (delta)...
2026-04-09 18:06:55,724 - INFO -   Fetched 218 rows from View_ProductMachineSpeed
2026-04-09 18:06:55,836 - INFO -   Changed/New: 0 | Unchanged (skipped): 218
2026-04-09 18:06:55,836 - INFO -   Processing ProductionPlan (delta)...
2026-04-09 18:06:56,811 - INFO -   Fetched 66 rows from View_ProductionPlan
2026-04-09 18:06:56,857 - INFO -   Changed/New: 0 | Unchanged (skipped): 66
2026-04-09 18:06:56,859 - INFO -   Processing POOperation (delta)...
2026-04-09 18:06:58,344 - INFO -   Fetched 537 rows from View_POOperations
2026-04-09 18:06:58,499 - INFO -   Changed/New: 426 | Unchanged (skipped): 111
2026-04-09 18:06:58,835 - INFO -   [OK] POOperation: 426 nodes synced
2026-04-09 18:06:58,836 - INFO -   Processing ProductionPlan_RelatedTasks (delta)...
2026-04-09 18:06:59,825 - INFO -   Fetched 20 rows from View_ProductionPlan_RelatedTasks
2026-04-09 18:06:59,840 - INFO -   Changed/New: 0 | Unchanged (skipped): 20
2026-04-09 18:06:59,841 - INFO -   Processing OperationConsumption (delta)...
2026-04-09 18:07:00,835 - INFO -   Fetched 201 rows from view_PO_OperationConsumption
2026-04-09 18:07:00,944 - INFO -   Changed/New: 0 | Unchanged (skipped): 201
2026-04-09 18:07:00,945 - INFO -   Processing WasteLosses (delta)...
2026-04-09 18:07:02,022 - INFO -   Fetched 67 rows from View_WasteLosses
2026-04-09 18:07:02,075 - INFO -   Changed/New: 0 | Unchanged (skipped): 67
2026-04-09 18:07:02,076 - INFO -   Processing ChecklistExecution (delta)...
2026-04-09 18:07:03,114 - INFO -   Fetched 239 rows from View_ChecklistExecution
2026-04-09 18:07:03,235 - INFO -   Changed/New: 219 | Unchanged (skipped): 20
2026-04-09 18:07:03,391 - INFO -   [OK] ChecklistExecution: 219 nodes synced
2026-04-09 18:07:03,395 - INFO -   Processing ProductionPlan_Parameters (delta)...
2026-04-09 18:30:01,561 - INFO -   Fetched 3204350 rows from View_ProductionPlan_Parameters
2026-04-09 18:43:40,609 - INFO -   Changed/New: 3203164 | Unchanged (skipped): 1186
2026-04-09 18:52:52,496 - INFO -   [OK] ProductionPlan_Parameters: 3203164 nodes synced
2026-04-09 18:52:52,502 - INFO -   Processing ProductionOutput (delta)...
2026-04-09 18:52:55,072 - INFO -   Fetched 4778 rows from View_ProductionPlan_Output
2026-04-09 18:52:58,578 - INFO -   Changed/New: 3112 | Unchanged (skipped): 1666
2026-04-09 18:52:59,122 - INFO -   [OK] ProductionOutput: 3112 nodes synced
2026-04-09 18:52:59,122 - INFO -   Processing ChecklistExecutionDetail (delta)...
2026-04-09 18:53:01,920 - INFO -   Fetched 7664 rows from View_ChecklistExecutionDetail
2026-04-09 18:53:03,090 - INFO -   Changed/New: 7165 | Unchanged (skipped): 499
2026-04-09 18:53:03,843 - INFO -   [OK] ChecklistExecutionDetail: 7165 nodes synced
2026-04-09 18:53:03,843 - INFO -   Processing ProductionBatch (delta)...
2026-04-09 18:53:04,825 - INFO -   Fetched 250 rows from View_ProductionPlan_Output_Batches
2026-04-09 18:53:04,889 - INFO -   Changed/New: 190 | Unchanged (skipped): 59
2026-04-09 18:53:04,971 - INFO -   [OK] ProductionBatch: 190 nodes synced
2026-04-09 18:53:04,971 - INFO - Creating relationships...
2026-04-09 18:53:05,003 - INFO -   [OK] HAS_PLANT: 151 relationships
2026-04-09 18:53:05,013 - INFO -   [OK] HAS_LINE: 79 relationships
2026-04-09 18:53:05,026 - INFO -   [OK] HAS_MACHINE: 435 relationships
2026-04-09 18:53:05,045 - INFO -   [OK] PRODUCES_PRODUCT: 62 relationships
2026-04-09 18:53:05,056 - INFO -   [OK] PLANNED_AT_PLANT: 66 relationships
2026-04-09 18:53:05,075 - INFO -   [OK] HAS_DETAIL: 111 relationships
2026-04-09 18:53:05,089 - INFO -   [OK] HAS_OPERATION: 111 relationships
2026-04-09 18:53:05,098 - INFO -   [OK] EXECUTED_ON_MACHINE: 108 relationships
2026-04-09 18:53:05,110 - INFO -   [OK] CONSUMES_MATERIAL: 181 relationships
2026-04-09 18:53:05,123 - INFO -   [OK] PRODUCES_OUTPUT: 348 relationships
2026-04-09 18:53:05,137 - INFO -   [OK] PRODUCES_BATCH: 53 relationships
2026-04-09 18:53:05,150 - INFO -   [OK] HAS_ROLE: 0 relationships
2026-04-09 18:53:05,166 - INFO -   [OK] ASSIGNED_TO_TASK: 20 relationships
2026-04-09 18:53:05,175 - INFO -   [OK] RELATES_TO_OPERATION: 15 relationships
2026-04-09 18:53:05,193 - INFO -   [OK] CAUSES_DOWNTIME: 61 relationships
2026-04-09 18:53:05,208 - INFO -   [OK] GENERATES_WASTE: 64 relationships
2026-04-09 18:53:05,465 - INFO -   [OK] EXECUTES_FOR_OPERATION: 18 relationships
2026-04-09 18:53:05,465 - INFO -   [OK] HAS_CHECKLIST: 17 relationships
2026-04-09 18:53:05,465 - INFO -   [OK] HAS_CHECKLIST_DETAIL: 20 relationships
2026-04-09 18:53:05,536 - INFO -   [OK] PARAMETERS_FOR_OPERATION: 68 relationships
2026-04-09 18:53:05,543 - INFO -   [OK] SUPPLIES_PRODUCT: 0 relationships
2026-04-09 18:53:05,551 - INFO -   [OK] DEFINES_SPEED_FOR: 192 relationships
2026-04-09 18:53:05,557 - INFO -   Group: 181 nodes
2026-04-09 18:53:05,561 - INFO -   Plant: 152 nodes
2026-04-09 18:53:05,564 - INFO -   Line: 81 nodes
2026-04-09 18:53:05,569 - INFO -   Machine: 517 nodes
2026-04-09 18:53:05,575 - INFO -   Product: 1832 nodes
2026-04-09 18:53:05,578 - INFO -   ProductionPlan: 66 nodes
2026-04-09 18:53:05,587 - INFO -   POOperation: 111 nodes
2026-04-09 18:53:05,595 - INFO -   OperationConsumption: 201 nodes
2026-04-09 18:53:05,597 - INFO -   ProductionOutput: 348 nodes
2026-04-09 18:53:05,604 - INFO -   ProductionBatch: 59 nodes
2026-04-09 18:53:05,612 - INFO -   Employees: 408 nodes
2026-04-09 18:53:05,622 - INFO -   Roles: 0 nodes
2026-04-09 18:53:05,628 - INFO -   WasteLosses: 67 nodes
2026-04-09 18:53:05,640 - INFO -   DowntimeLosses: 351 nodes
2026-04-09 18:53:05,650 - INFO -   ProductionPlan_RelatedTasks: 20 nodes
2026-04-09 18:53:05,656 - INFO -   ChecklistExecution: 20 nodes
2026-04-09 18:53:05,664 - INFO -   ChecklistExecutionDetail: 441 nodes
2026-04-09 18:53:05,668 - INFO -   ProductionPlan_Parameters: 72 nodes
2026-04-09 18:53:05,677 - INFO -   Vendors: 10 nodes
2026-04-09 18:53:05,681 - INFO -   ProductMachineSpeed: 218 nodes
2026-04-10 11:08:05,504 - INFO - [OK] Connected to SQL Server
2026-04-10 11:08:05,605 - INFO - [OK] Connected to Neo4j
2026-04-10 11:08:05,605 - INFO - Creating constraints...
2026-04-10 11:08:06,212 - INFO - Creating indexes...
2026-04-10 11:08:07,837 - INFO - Migrating nodes (FULL)...
2026-04-10 11:08:07,837 - INFO -   Processing Group...
2026-04-10 11:08:08,031 - ERROR -   Error fetching view_GetAllGroups: (pyodbc.ProgrammingError) ('42S02', "[42S02] [Microsoft][ODBC Driver 17 for SQL Server][SQL Server]Invalid object name 'User_ManagementDB.dbo.Groups'. (208) (SQLExecDirectW); [42S02] [Microsoft][ODBC Driver 17 for SQL Server][SQL Server]Could not use view or function 'view_GetAllGroups' because of binding errors. (4413)")
[SQL: SELECT * FROM view_GetAllGroups]
(Background on this error at: https://sqlalche.me/e/20/f405)
2026-04-10 11:08:08,031 - INFO -   No data found in view_GetAllGroups - skipping
2026-04-10 11:08:08,031 - INFO -   Processing Product...
2026-04-10 11:08:08,129 - INFO -   Fetched 1832 rows from View_Products
2026-04-10 11:08:09,516 - INFO -   [OK] Product: 1832 nodes upserted
2026-04-10 11:08:09,517 - INFO -   Processing Employees...
2026-04-10 11:08:09,620 - INFO -   Fetched 408 rows from View_Employees
2026-04-10 11:08:10,170 - INFO -   [OK] Employees: 408 nodes upserted
2026-04-10 11:08:10,170 - INFO -   Processing Roles...
2026-04-10 11:08:10,189 - INFO -   Fetched 121 rows from View_Roles
2026-04-10 11:08:10,195 - INFO -   [OK] Roles: 0 nodes upserted
2026-04-10 11:08:10,195 - INFO -   Processing Vendors...
2026-04-10 11:08:10,225 - INFO -   Fetched 10 rows from View_GetAllVendors
2026-04-10 11:08:10,392 - INFO -   [OK] Vendors: 10 nodes upserted
2026-04-10 11:08:10,392 - INFO -   Processing Plant...
2026-04-10 11:08:10,433 - INFO -   Fetched 152 rows from View_GetAllPlants
2026-04-10 11:08:10,650 - INFO -   [OK] Plant: 152 nodes upserted
2026-04-10 11:08:10,650 - INFO -   Processing Line...
2026-04-10 11:08:10,700 - INFO -   Fetched 81 rows from View_GetAllLines
2026-04-10 11:08:10,844 - INFO -   [OK] Line: 81 nodes upserted
2026-04-10 11:08:10,844 - INFO -   Processing Machine...
2026-04-10 11:08:10,862 - ERROR -   Error fetching View_GetAllMachines: (pyodbc.ProgrammingError) ('42S02', "[42S02] [Microsoft][ODBC Driver 17 for SQL Server][SQL Server]Invalid object name 'User_ManagementDB.dbo.Plant_Hierarchy_Tree'. (208) (SQLExecDirectW); [42S02] [Microsoft][ODBC Driver 17 for SQL Server][SQL Server]Could not use view or function 'View_GetAllMachines' because of binding errors. (4413)")
[SQL: SELECT * FROM View_GetAllMachines]
(Background on this error at: https://sqlalche.me/e/20/f405)
2026-04-10 11:08:10,862 - INFO -   No data found in View_GetAllMachines - skipping
2026-04-10 11:08:10,862 - INFO -   Processing DowntimeLosses...
2026-04-10 11:08:11,182 - INFO -   Fetched 351 rows from View_DowntimeLosses
2026-04-10 11:08:11,568 - INFO -   [OK] DowntimeLosses: 351 nodes upserted
2026-04-10 11:08:11,568 - INFO -   Processing ProductMachineSpeed...
2026-04-10 11:08:12,080 - INFO -   Fetched 218 rows from View_ProductMachineSpeed
2026-04-10 11:08:12,332 - INFO -   [OK] ProductMachineSpeed: 218 nodes upserted
2026-04-10 11:08:12,333 - INFO -   Processing ProductionPlan...
2026-04-10 11:08:12,522 - INFO -   Fetched 66 rows from View_ProductionPlan
2026-04-10 11:08:12,640 - INFO -   [OK] ProductionPlan: 66 nodes upserted
2026-04-10 11:08:12,642 - INFO -   Processing POOperation...
2026-04-10 11:08:12,699 - INFO -   Fetched 537 rows from View_POOperations
2026-04-10 11:08:13,401 - INFO -   [OK] POOperation: 537 nodes upserted
2026-04-10 11:08:13,401 - INFO -   Processing ProductionPlan_RelatedTasks...
2026-04-10 11:08:13,457 - INFO -   Fetched 20 rows from View_ProductionPlan_RelatedTasks
2026-04-10 11:08:13,675 - INFO -   [OK] ProductionPlan_RelatedTasks: 20 nodes upserted
2026-04-10 11:08:13,675 - INFO -   Processing OperationConsumption...
2026-04-10 11:08:13,726 - INFO -   Fetched 201 rows from view_PO_OperationConsumption
2026-04-10 11:08:13,937 - INFO -   [OK] OperationConsumption: 201 nodes upserted
2026-04-10 11:08:13,937 - INFO -   Processing WasteLosses...
2026-04-10 11:08:14,072 - INFO -   Fetched 67 rows from View_WasteLosses
2026-04-10 11:08:14,221 - INFO -   [OK] WasteLosses: 67 nodes upserted
2026-04-10 11:08:14,221 - INFO -   Processing ChecklistExecution...
2026-04-10 11:08:14,304 - INFO -   Fetched 239 rows from View_ChecklistExecution
2026-04-10 11:08:14,594 - INFO -   [OK] ChecklistExecution: 239 nodes upserted
2026-04-10 11:08:14,594 - INFO -   Processing ProductionPlan_Parameters...
2026-04-10 11:18:31,733 - INFO -   Fetched 3201893 rows from View_ProductionPlan_Parameters
2026-04-10 11:40:43,738 - INFO -   [OK] ProductionPlan_Parameters: 3201893 nodes upserted
2026-04-10 11:40:43,738 - INFO -   Processing ProductionOutput...
2026-04-10 11:40:43,990 - INFO -   Fetched 4778 rows from View_ProductionPlan_Output
2026-04-10 11:40:48,729 - INFO -   [OK] ProductionOutput: 4778 nodes upserted
2026-04-10 11:40:48,730 - INFO -   Processing ChecklistExecutionDetail...
2026-04-10 11:40:49,095 - INFO -   Fetched 7664 rows from View_ChecklistExecutionDetail
2026-04-10 11:40:51,399 - INFO -   [OK] ChecklistExecutionDetail: 7664 nodes upserted
2026-04-10 11:40:51,400 - INFO -   Processing ProductionBatch...
2026-04-10 11:40:51,431 - INFO -   Fetched 250 rows from View_ProductionPlan_Output_Batches
2026-04-10 11:40:51,627 - INFO -   [OK] ProductionBatch: 249 nodes upserted
2026-04-10 11:40:51,629 - INFO - Creating relationships...
2026-04-10 11:40:52,102 - INFO -   [OK] HAS_PLANT: 151 relationships
2026-04-10 11:40:52,209 - INFO -   [OK] HAS_LINE: 79 relationships
2026-04-10 11:40:52,370 - INFO -   [OK] HAS_MACHINE: 435 relationships
2026-04-10 11:40:52,496 - INFO -   [OK] PRODUCES_PRODUCT: 62 relationships
2026-04-10 11:40:52,610 - INFO -   [OK] PLANNED_AT_PLANT: 66 relationships
2026-04-10 11:40:52,726 - INFO -   [OK] HAS_DETAIL: 111 relationships
2026-04-10 11:40:52,826 - INFO -   [OK] HAS_OPERATION: 111 relationships
2026-04-10 11:40:52,933 - INFO -   [OK] EXECUTED_ON_MACHINE: 108 relationships
2026-04-10 11:40:53,021 - INFO -   [OK] CONSUMES_MATERIAL: 181 relationships
2026-04-10 11:40:53,113 - INFO -   [OK] PRODUCES_OUTPUT: 348 relationships
2026-04-10 11:40:53,195 - INFO -   [OK] PRODUCES_BATCH: 52 relationships
2026-04-10 11:40:53,275 - INFO -   [OK] HAS_ROLE: 0 relationships
2026-04-10 11:40:53,377 - INFO -   [OK] ASSIGNED_TO_TASK: 20 relationships
2026-04-10 11:40:53,449 - INFO -   [OK] RELATES_TO_OPERATION: 15 relationships
2026-04-10 11:40:53,551 - INFO -   [OK] CAUSES_DOWNTIME: 61 relationships
2026-04-10 11:40:53,640 - INFO -   [OK] GENERATES_WASTE: 64 relationships
2026-04-10 11:40:53,709 - INFO -   [OK] EXECUTES_FOR_OPERATION: 18 relationships
2026-04-10 11:40:53,806 - INFO -   [OK] HAS_CHECKLIST: 17 relationships
2026-04-10 11:40:53,887 - INFO -   [OK] HAS_CHECKLIST_DETAIL: 20 relationships
2026-04-10 11:40:53,994 - INFO -   [OK] PARAMETERS_FOR_OPERATION: 68 relationships
2026-04-10 11:40:54,103 - INFO -   [OK] SUPPLIES_PRODUCT: 0 relationships
2026-04-10 11:40:54,172 - INFO -   [OK] DEFINES_SPEED_FOR: 192 relationships
2026-04-10 11:40:54,201 - INFO -   Group: 181 nodes
2026-04-10 11:40:54,233 - INFO -   Plant: 152 nodes
2026-04-10 11:40:54,257 - INFO -   Line: 81 nodes
2026-04-10 11:40:54,292 - INFO -   Machine: 517 nodes
2026-04-10 11:40:54,314 - INFO -   Product: 1832 nodes
2026-04-10 11:40:54,361 - INFO -   ProductionPlan: 66 nodes
2026-04-10 11:40:54,388 - INFO -   POOperation: 111 nodes
2026-04-10 11:40:54,432 - INFO -   OperationConsumption: 201 nodes
2026-04-10 11:40:54,467 - INFO -   ProductionOutput: 348 nodes
2026-04-10 11:40:54,502 - INFO -   ProductionBatch: 59 nodes
2026-04-10 11:40:54,534 - INFO -   Employees: 408 nodes
2026-04-10 11:40:54,566 - INFO -   Roles: 0 nodes
2026-04-10 11:40:54,588 - INFO -   WasteLosses: 67 nodes
2026-04-10 11:40:54,614 - INFO -   DowntimeLosses: 351 nodes
2026-04-10 11:40:54,643 - INFO -   ProductionPlan_RelatedTasks: 20 nodes
2026-04-10 11:40:54,670 - INFO -   ChecklistExecution: 20 nodes
2026-04-10 11:40:54,692 - INFO -   ChecklistExecutionDetail: 441 nodes
2026-04-10 11:40:54,723 - INFO -   ProductionPlan_Parameters: 72 nodes
2026-04-10 11:40:54,742 - INFO -   Vendors: 10 nodes
2026-04-10 11:40:54,769 - INFO -   ProductMachineSpeed: 218 nodes
2026-04-10 12:40:55,570 - INFO - [OK] Connected to SQL Server
2026-04-10 12:40:55,609 - INFO - [OK] Connected to Neo4j
2026-04-10 12:40:55,609 - INFO - Creating constraints...
2026-04-10 12:40:55,739 - INFO - Creating indexes...
2026-04-10 12:40:56,101 - INFO - Migrating nodes (DELTA)...
2026-04-10 12:40:56,102 - INFO -   Processing Group (delta)...
2026-04-10 12:40:56,149 - INFO -   Fetched 163 rows from view_GetAllGroups
2026-04-10 12:40:56,563 - INFO -   Changed/New: 1 | Unchanged (skipped): 162
2026-04-10 12:40:56,830 - INFO -   [OK] Group: 1 nodes synced
2026-04-10 12:40:56,830 - INFO -   Processing Product (delta)...
2026-04-10 12:40:56,891 - INFO -   Fetched 1832 rows from View_Products
2026-04-10 12:40:57,565 - INFO -   Changed/New: 0 | Unchanged (skipped): 1832
2026-04-10 12:40:57,565 - INFO -   Processing Employees (delta)...
2026-04-10 12:40:57,690 - INFO -   Fetched 408 rows from View_Employees
2026-04-10 12:40:58,001 - INFO -   Changed/New: 0 | Unchanged (skipped): 408
2026-04-10 12:40:58,002 - INFO -   Processing Roles (delta)...
2026-04-10 12:40:58,028 - INFO -   Fetched 121 rows from View_Roles
2026-04-10 12:40:58,138 - INFO -   Changed/New: 0 | Unchanged (skipped): 0
2026-04-10 12:40:58,139 - INFO -   Processing Vendors (delta)...
2026-04-10 12:40:58,173 - INFO -   Fetched 10 rows from View_GetAllVendors
2026-04-10 12:40:58,242 - INFO -   Changed/New: 0 | Unchanged (skipped): 10
2026-04-10 12:40:58,242 - INFO -   Processing Plant (delta)...
2026-04-10 12:40:58,285 - INFO -   Fetched 152 rows from View_GetAllPlants
2026-04-10 12:40:58,399 - INFO -   Changed/New: 0 | Unchanged (skipped): 152
2026-04-10 12:40:58,400 - INFO -   Processing Line (delta)...
2026-04-10 12:40:58,426 - INFO -   Fetched 81 rows from View_GetAllLines
2026-04-10 12:40:58,505 - INFO -   Changed/New: 0 | Unchanged (skipped): 81
2026-04-10 12:40:58,505 - INFO -   Processing Machine (delta)...
2026-04-10 12:40:58,538 - INFO -   Fetched 195 rows from View_GetAllMachines
2026-04-10 12:40:58,668 - INFO -   Changed/New: 20 | Unchanged (skipped): 175
2026-04-10 12:40:58,874 - INFO -   [OK] Machine: 20 nodes synced
2026-04-10 12:40:58,874 - INFO -   Processing DowntimeLosses (delta)...
2026-04-10 12:40:59,213 - INFO -   Fetched 351 rows from View_DowntimeLosses
2026-04-10 12:40:59,436 - INFO -   Changed/New: 0 | Unchanged (skipped): 351
2026-04-10 12:40:59,437 - INFO -   Processing ProductMachineSpeed (delta)...
2026-04-10 12:40:59,474 - INFO -   Fetched 218 rows from View_ProductMachineSpeed
2026-04-10 12:40:59,581 - INFO -   Changed/New: 0 | Unchanged (skipped): 218
2026-04-10 12:40:59,581 - INFO -   Processing ProductionPlan (delta)...
2026-04-10 12:40:59,606 - INFO -   Fetched 66 rows from View_ProductionPlan
2026-04-10 12:40:59,696 - INFO -   Changed/New: 0 | Unchanged (skipped): 66
2026-04-10 12:40:59,697 - INFO -   Processing POOperation (delta)...
2026-04-10 12:40:59,792 - INFO -   Fetched 537 rows from View_POOperations
2026-04-10 12:41:00,020 - INFO -   Changed/New: 426 | Unchanged (skipped): 111
2026-04-10 12:41:00,381 - INFO -   [OK] POOperation: 426 nodes synced
2026-04-10 12:41:00,382 - INFO -   Processing ProductionPlan_RelatedTasks (delta)...
2026-04-10 12:41:00,417 - INFO -   Fetched 20 rows from View_ProductionPlan_RelatedTasks
2026-04-10 12:41:00,491 - INFO -   Changed/New: 0 | Unchanged (skipped): 20
2026-04-10 12:41:00,492 - INFO -   Processing OperationConsumption (delta)...
2026-04-10 12:41:00,534 - INFO -   Fetched 201 rows from view_PO_OperationConsumption
2026-04-10 12:41:00,662 - INFO -   Changed/New: 0 | Unchanged (skipped): 201
2026-04-10 12:41:00,662 - INFO -   Processing WasteLosses (delta)...
2026-04-10 12:41:00,827 - INFO -   Fetched 67 rows from View_WasteLosses
2026-04-10 12:41:00,993 - INFO -   Changed/New: 0 | Unchanged (skipped): 67
2026-04-10 12:41:00,994 - INFO -   Processing ChecklistExecution (delta)...
2026-04-10 12:41:01,136 - INFO -   Fetched 239 rows from View_ChecklistExecution
2026-04-10 12:41:01,271 - INFO -   Changed/New: 219 | Unchanged (skipped): 20
2026-04-10 12:41:01,519 - INFO -   [OK] ChecklistExecution: 219 nodes synced
2026-04-10 12:41:01,519 - INFO -   Processing ProductionPlan_Parameters (delta)...
2026-04-10 12:46:54,771 - INFO -   Fetched 3201893 rows from View_ProductionPlan_Parameters
2026-04-10 12:59:56,300 - INFO -   Changed/New: 3200554 | Unchanged (skipped): 1339
2026-04-10 13:10:11,109 - INFO -   [OK] ProductionPlan_Parameters: 3200554 nodes synced
2026-04-10 13:10:11,109 - INFO -   Processing ProductionOutput (delta)...
2026-04-10 13:10:11,316 - INFO -   Fetched 4778 rows from View_ProductionPlan_Output
2026-04-10 13:10:15,805 - INFO -   Changed/New: 3166 | Unchanged (skipped): 1612
2026-04-10 13:10:16,521 - INFO -   [OK] ProductionOutput: 3166 nodes synced
2026-04-10 13:10:16,522 - INFO -   Processing ChecklistExecutionDetail (delta)...
2026-04-10 13:10:16,828 - INFO -   Fetched 7664 rows from View_ChecklistExecutionDetail
2026-04-10 13:10:18,412 - INFO -   Changed/New: 7165 | Unchanged (skipped): 499
2026-04-10 13:10:19,367 - INFO -   [OK] ChecklistExecutionDetail: 7165 nodes synced
2026-04-10 13:10:19,368 - INFO -   Processing ProductionBatch (delta)...
2026-04-10 13:10:19,404 - INFO -   Fetched 250 rows from View_ProductionPlan_Output_Batches
2026-04-10 13:10:19,496 - INFO -   Changed/New: 190 | Unchanged (skipped): 59
2026-04-10 13:10:19,631 - INFO -   [OK] ProductionBatch: 190 nodes synced
2026-04-10 13:10:19,632 - INFO - Creating relationships...
2026-04-10 13:10:19,666 - INFO -   [OK] HAS_PLANT: 152 relationships
2026-04-10 13:10:19,673 - INFO -   [OK] HAS_LINE: 79 relationships
2026-04-10 13:10:19,702 - INFO -   [OK] HAS_MACHINE: 455 relationships
2026-04-10 13:10:19,714 - INFO -   [OK] PRODUCES_PRODUCT: 62 relationships
2026-04-10 13:10:19,722 - INFO -   [OK] PLANNED_AT_PLANT: 66 relationships
2026-04-10 13:10:19,730 - INFO -   [OK] HAS_DETAIL: 111 relationships
2026-04-10 13:10:19,736 - INFO -   [OK] HAS_OPERATION: 111 relationships
2026-04-10 13:10:19,756 - INFO -   [OK] EXECUTED_ON_MACHINE: 111 relationships
2026-04-10 13:10:19,765 - INFO -   [OK] CONSUMES_MATERIAL: 181 relationships
2026-04-10 13:10:19,778 - INFO -   [OK] PRODUCES_OUTPUT: 348 relationships
2026-04-10 13:10:19,785 - INFO -   [OK] PRODUCES_BATCH: 52 relationships
2026-04-10 13:10:19,791 - INFO -   [OK] HAS_ROLE: 0 relationships
2026-04-10 13:10:19,796 - INFO -   [OK] ASSIGNED_TO_TASK: 20 relationships
2026-04-10 13:10:19,801 - INFO -   [OK] RELATES_TO_OPERATION: 15 relationships
2026-04-10 13:10:19,855 - INFO -   [OK] CAUSES_DOWNTIME: 351 relationships
2026-04-10 13:10:19,859 - INFO -   [OK] GENERATES_WASTE: 64 relationships
2026-04-10 13:10:19,865 - INFO -   [OK] EXECUTES_FOR_OPERATION: 18 relationships
2026-04-10 13:10:19,871 - INFO -   [OK] HAS_CHECKLIST: 17 relationships
2026-04-10 13:10:19,880 - INFO -   [OK] HAS_CHECKLIST_DETAIL: 20 relationships
2026-04-10 13:10:19,892 - INFO -   [OK] PARAMETERS_FOR_OPERATION: 68 relationships
2026-04-10 13:10:19,900 - INFO -   [OK] SUPPLIES_PRODUCT: 0 relationships
2026-04-10 13:10:19,918 - INFO -   [OK] DEFINES_SPEED_FOR: 212 relationships
2026-04-10 13:10:19,922 - INFO -   Group: 182 nodes
2026-04-10 13:10:19,927 - INFO -   Plant: 152 nodes
2026-04-10 13:10:19,931 - INFO -   Line: 81 nodes
2026-04-10 13:10:19,936 - INFO -   Machine: 537 nodes
2026-04-10 13:10:19,941 - INFO -   Product: 1832 nodes
2026-04-10 13:10:19,946 - INFO -   ProductionPlan: 66 nodes
2026-04-10 13:10:19,952 - INFO -   POOperation: 111 nodes
2026-04-10 13:10:19,955 - INFO -   OperationConsumption: 201 nodes
2026-04-10 13:10:19,961 - INFO -   ProductionOutput: 348 nodes
2026-04-10 13:10:19,965 - INFO -   ProductionBatch: 59 nodes
2026-04-10 13:10:19,971 - INFO -   Employees: 408 nodes
2026-04-10 13:10:19,977 - INFO -   Roles: 0 nodes
2026-04-10 13:10:19,984 - INFO -   WasteLosses: 67 nodes
2026-04-10 13:10:19,988 - INFO -   DowntimeLosses: 351 nodes
2026-04-10 13:10:19,993 - INFO -   ProductionPlan_RelatedTasks: 20 nodes
2026-04-10 13:10:19,997 - INFO -   ChecklistExecution: 20 nodes
2026-04-10 13:10:20,002 - INFO -   ChecklistExecutionDetail: 441 nodes
2026-04-10 13:10:20,007 - INFO -   ProductionPlan_Parameters: 72 nodes
2026-04-10 13:10:20,014 - INFO -   Vendors: 10 nodes
2026-04-10 13:10:20,018 - INFO -   ProductMachineSpeed: 218 nodes
2026-04-10 14:10:20,335 - INFO - [OK] Connected to SQL Server
2026-04-10 14:10:20,381 - INFO - [OK] Connected to Neo4j
2026-04-10 14:10:20,381 - INFO - Creating constraints...
2026-04-10 14:10:20,492 - INFO - Creating indexes...
2026-04-10 14:10:20,822 - INFO - Migrating nodes (DELTA)...
2026-04-10 14:10:20,822 - INFO -   Processing Group (delta)...
2026-04-10 14:10:20,890 - INFO -   Fetched 163 rows from view_GetAllGroups
2026-04-10 14:10:20,950 - INFO -   Changed/New: 0 | Unchanged (skipped): 163
2026-04-10 14:10:20,950 - INFO -   Processing Product (delta)...
2026-04-10 14:10:21,018 - INFO -   Fetched 1832 rows from View_Products
2026-04-10 14:10:21,427 - INFO -   Changed/New: 0 | Unchanged (skipped): 1832
2026-04-10 14:10:21,427 - INFO -   Processing Employees (delta)...
2026-04-10 14:10:21,490 - INFO -   Fetched 408 rows from View_Employees
2026-04-10 14:10:21,650 - INFO -   Changed/New: 0 | Unchanged (skipped): 408
2026-04-10 14:10:21,650 - INFO -   Processing Roles (delta)...
2026-04-10 14:10:21,681 - INFO -   Fetched 121 rows from View_Roles
2026-04-10 14:10:21,698 - INFO -   Changed/New: 0 | Unchanged (skipped): 0
2026-04-10 14:10:21,698 - INFO -   Processing Vendors (delta)...
2026-04-10 14:10:21,714 - INFO -   Fetched 10 rows from View_GetAllVendors
2026-04-10 14:10:21,714 - INFO -   Changed/New: 0 | Unchanged (skipped): 10
2026-04-10 14:10:21,729 - INFO -   Processing Plant (delta)...
2026-04-10 14:10:21,745 - INFO -   Fetched 152 rows from View_GetAllPlants
2026-04-10 14:10:21,793 - INFO -   Changed/New: 0 | Unchanged (skipped): 152
2026-04-10 14:10:21,793 - INFO -   Processing Line (delta)...
2026-04-10 14:10:21,808 - INFO -   Fetched 81 rows from View_GetAllLines
2026-04-10 14:10:21,840 - INFO -   Changed/New: 0 | Unchanged (skipped): 81
2026-04-10 14:10:21,840 - INFO -   Processing Machine (delta)...
2026-04-10 14:10:21,874 - INFO -   Fetched 195 rows from View_GetAllMachines
2026-04-10 14:10:21,936 - INFO -   Changed/New: 0 | Unchanged (skipped): 195
2026-04-10 14:10:21,936 - INFO -   Processing DowntimeLosses (delta)...
2026-04-10 14:10:22,237 - INFO -   Fetched 351 rows from View_DowntimeLosses
2026-04-10 14:10:22,354 - INFO -   Changed/New: 0 | Unchanged (skipped): 351
2026-04-10 14:10:22,354 - INFO -   Processing ProductMachineSpeed (delta)...
2026-04-10 14:10:22,386 - INFO -   Fetched 218 rows from View_ProductMachineSpeed
2026-04-10 14:10:22,435 - INFO -   Changed/New: 0 | Unchanged (skipped): 218
2026-04-10 14:10:22,449 - INFO -   Processing ProductionPlan (delta)...
2026-04-10 14:10:22,465 - INFO -   Fetched 66 rows from View_ProductionPlan
2026-04-10 14:10:22,496 - INFO -   Changed/New: 0 | Unchanged (skipped): 66
2026-04-10 14:10:22,496 - INFO -   Processing POOperation (delta)...
2026-04-10 14:10:22,544 - INFO -   Fetched 537 rows from View_POOperations
2026-04-10 14:10:22,671 - INFO -   Changed/New: 426 | Unchanged (skipped): 111
2026-04-10 14:10:22,904 - INFO -   [OK] POOperation: 426 nodes synced
2026-04-10 14:10:22,905 - INFO -   Processing ProductionPlan_RelatedTasks (delta)...
2026-04-10 14:10:22,937 - INFO -   Fetched 20 rows from View_ProductionPlan_RelatedTasks
2026-04-10 14:10:22,944 - INFO -   Changed/New: 0 | Unchanged (skipped): 20
2026-04-10 14:10:22,944 - INFO -   Processing OperationConsumption (delta)...
2026-04-10 14:10:22,973 - INFO -   Fetched 201 rows from view_PO_OperationConsumption
2026-04-10 14:10:23,038 - INFO -   Changed/New: 0 | Unchanged (skipped): 201
2026-04-10 14:10:23,038 - INFO -   Processing WasteLosses (delta)...
2026-04-10 14:10:23,166 - INFO -   Fetched 67 rows from View_WasteLosses
2026-04-10 14:10:23,198 - INFO -   Changed/New: 0 | Unchanged (skipped): 67
2026-04-10 14:10:23,198 - INFO -   Processing ChecklistExecution (delta)...
2026-04-10 14:10:23,245 - INFO -   Fetched 239 rows from View_ChecklistExecution
2026-04-10 14:10:23,308 - INFO -   Changed/New: 219 | Unchanged (skipped): 20
2026-04-10 14:10:23,435 - INFO -   [OK] ChecklistExecution: 219 nodes synced
2026-04-10 14:10:23,443 - INFO -   Processing ProductionPlan_Parameters (delta)...
2026-04-10 14:16:10,254 - INFO -   Fetched 3201893 rows from View_ProductionPlan_Parameters
2026-04-10 14:28:16,075 - INFO -   Changed/New: 3200912 | Unchanged (skipped): 981
2026-04-10 14:37:15,580 - INFO -   [OK] ProductionPlan_Parameters: 3200912 nodes synced
2026-04-10 14:37:15,580 - INFO -   Processing ProductionOutput (delta)...
2026-04-10 14:37:15,744 - INFO -   Fetched 4778 rows from View_ProductionPlan_Output
2026-04-10 14:37:19,139 - INFO -   Changed/New: 3112 | Unchanged (skipped): 1666
2026-04-10 14:37:19,728 - INFO -   [OK] ProductionOutput: 3112 nodes synced
2026-04-10 14:37:19,728 - INFO -   Processing ChecklistExecutionDetail (delta)...
2026-04-10 14:37:19,997 - INFO -   Fetched 7664 rows from View_ChecklistExecutionDetail
2026-04-10 14:37:21,221 - INFO -   Changed/New: 7165 | Unchanged (skipped): 499
2026-04-10 14:37:22,084 - INFO -   [OK] ChecklistExecutionDetail: 7165 nodes synced
2026-04-10 14:37:22,084 - INFO -   Processing ProductionBatch (delta)...
2026-04-10 14:37:22,113 - INFO -   Fetched 250 rows from View_ProductionPlan_Output_Batches
2026-04-10 14:37:22,173 - INFO -   Changed/New: 190 | Unchanged (skipped): 59
2026-04-10 14:37:22,241 - INFO -   [OK] ProductionBatch: 190 nodes synced
2026-04-10 14:37:22,241 - INFO - Creating relationships...
2026-04-10 14:37:22,253 - INFO -   [OK] HAS_PLANT: 152 relationships
2026-04-10 14:37:22,253 - INFO -   [OK] HAS_LINE: 79 relationships
2026-04-10 14:37:22,273 - INFO -   [OK] HAS_MACHINE: 455 relationships
2026-04-10 14:37:22,285 - INFO -   [OK] PRODUCES_PRODUCT: 62 relationships
2026-04-10 14:37:22,289 - INFO -   [OK] PLANNED_AT_PLANT: 66 relationships
2026-04-10 14:37:22,300 - INFO -   [OK] HAS_DETAIL: 111 relationships
2026-04-10 14:37:22,312 - INFO -   [OK] HAS_OPERATION: 111 relationships
2026-04-10 14:37:22,323 - INFO -   [OK] EXECUTED_ON_MACHINE: 111 relationships
2026-04-10 14:37:22,331 - INFO -   [OK] CONSUMES_MATERIAL: 181 relationships
2026-04-10 14:37:22,344 - INFO -   [OK] PRODUCES_OUTPUT: 348 relationships
2026-04-10 14:37:22,354 - INFO -   [OK] PRODUCES_BATCH: 53 relationships
2026-04-10 14:37:22,363 - INFO -   [OK] HAS_ROLE: 0 relationships
2026-04-10 14:37:22,363 - INFO -   [OK] ASSIGNED_TO_TASK: 20 relationships
2026-04-10 14:37:22,374 - INFO -   [OK] RELATES_TO_OPERATION: 15 relationships
2026-04-10 14:37:22,504 - INFO -   [OK] CAUSES_DOWNTIME: 351 relationships
2026-04-10 14:37:22,505 - INFO -   [OK] GENERATES_WASTE: 64 relationships
2026-04-10 14:37:22,516 - INFO -   [OK] EXECUTES_FOR_OPERATION: 18 relationships
2026-04-10 14:37:22,520 - INFO -   [OK] HAS_CHECKLIST: 17 relationships
2026-04-10 14:37:22,524 - INFO -   [OK] HAS_CHECKLIST_DETAIL: 20 relationships
2026-04-10 14:37:22,543 - INFO -   [OK] PARAMETERS_FOR_OPERATION: 68 relationships
2026-04-10 14:37:22,554 - INFO -   [OK] SUPPLIES_PRODUCT: 0 relationships
2026-04-10 14:37:22,559 - INFO -   [OK] DEFINES_SPEED_FOR: 212 relationships
2026-04-10 14:37:22,559 - INFO -   Group: 182 nodes
2026-04-10 14:37:22,569 - INFO -   Plant: 152 nodes
2026-04-10 14:37:22,569 - INFO -   Line: 81 nodes
2026-04-10 14:37:22,569 - INFO -   Machine: 537 nodes
2026-04-10 14:37:22,569 - INFO -   Product: 1832 nodes
2026-04-10 14:37:22,584 - INFO -   ProductionPlan: 66 nodes
2026-04-10 14:37:22,584 - INFO -   POOperation: 111 nodes
2026-04-10 14:37:22,584 - INFO -   OperationConsumption: 201 nodes
2026-04-10 14:37:22,599 - INFO -   ProductionOutput: 348 nodes
2026-04-10 14:37:22,599 - INFO -   ProductionBatch: 59 nodes
2026-04-10 14:37:22,599 - INFO -   Employees: 408 nodes
2026-04-10 14:37:22,599 - INFO -   Roles: 0 nodes
2026-04-10 14:37:22,615 - INFO -   WasteLosses: 67 nodes
2026-04-10 14:37:22,615 - INFO -   DowntimeLosses: 351 nodes
2026-04-10 14:37:22,615 - INFO -   ProductionPlan_RelatedTasks: 20 nodes
2026-04-10 14:37:22,631 - INFO -   ChecklistExecution: 20 nodes
2026-04-10 14:37:22,631 - INFO -   ChecklistExecutionDetail: 441 nodes
2026-04-10 14:37:22,631 - INFO -   ProductionPlan_Parameters: 72 nodes
2026-04-10 14:37:22,641 - INFO -   Vendors: 10 nodes
2026-04-10 14:37:22,648 - INFO -   ProductMachineSpeed: 218 nodes
2026-04-10 15:37:22,848 - INFO - [OK] Connected to SQL Server
2026-04-10 15:37:22,870 - INFO - [OK] Connected to Neo4j
2026-04-10 15:37:22,870 - INFO - Creating constraints...
2026-04-10 15:37:22,928 - INFO - Creating indexes...
2026-04-10 15:37:23,273 - INFO - Migrating nodes (DELTA)...
2026-04-10 15:37:23,273 - INFO -   Processing Group (delta)...
2026-04-10 15:37:23,299 - INFO -   Fetched 163 rows from view_GetAllGroups
2026-04-10 15:37:23,346 - INFO -   Changed/New: 0 | Unchanged (skipped): 163
2026-04-10 15:37:23,347 - INFO -   Processing Product (delta)...
2026-04-10 15:37:23,402 - INFO -   Fetched 1832 rows from View_Products
2026-04-10 15:37:23,784 - INFO -   Changed/New: 0 | Unchanged (skipped): 1832
2026-04-10 15:37:23,784 - INFO -   Processing Employees (delta)...
2026-04-10 15:37:23,850 - INFO -   Fetched 408 rows from View_Employees
2026-04-10 15:37:24,144 - INFO -   Changed/New: 0 | Unchanged (skipped): 408
2026-04-10 15:37:24,145 - INFO -   Processing Roles (delta)...
2026-04-10 15:37:24,185 - INFO -   Fetched 121 rows from View_Roles
2026-04-10 15:37:24,205 - INFO -   Changed/New: 0 | Unchanged (skipped): 0
2026-04-10 15:37:24,205 - INFO -   Processing Vendors (delta)...
2026-04-10 15:37:24,225 - INFO -   Fetched 10 rows from View_GetAllVendors
2026-04-10 15:37:24,233 - INFO -   Changed/New: 0 | Unchanged (skipped): 10
2026-04-10 15:37:24,236 - INFO -   Processing Plant (delta)...
2026-04-10 15:37:24,271 - INFO -   Fetched 152 rows from View_GetAllPlants
2026-04-10 15:37:24,312 - INFO -   Changed/New: 0 | Unchanged (skipped): 152
2026-04-10 15:37:24,313 - INFO -   Processing Line (delta)...
2026-04-10 15:37:24,332 - INFO -   Fetched 81 rows from View_GetAllLines
2026-04-10 15:37:24,356 - INFO -   Changed/New: 0 | Unchanged (skipped): 81
2026-04-10 15:37:24,356 - INFO -   Processing Machine (delta)...
2026-04-10 15:37:24,381 - INFO -   Fetched 195 rows from View_GetAllMachines
2026-04-10 15:37:24,447 - INFO -   Changed/New: 0 | Unchanged (skipped): 195
2026-04-10 15:37:24,448 - INFO -   Processing DowntimeLosses (delta)...
2026-04-10 15:37:24,749 - INFO -   Fetched 351 rows from View_DowntimeLosses
2026-04-10 15:37:24,933 - INFO -   Changed/New: 0 | Unchanged (skipped): 351
2026-04-10 15:37:24,934 - INFO -   Processing ProductMachineSpeed (delta)...
2026-04-10 15:37:24,951 - INFO -   Fetched 218 rows from View_ProductMachineSpeed
2026-04-10 15:37:25,120 - INFO -   Changed/New: 0 | Unchanged (skipped): 218
2026-04-10 15:37:25,121 - INFO -   Processing ProductionPlan (delta)...
2026-04-10 15:37:25,150 - INFO -   Fetched 66 rows from View_ProductionPlan
2026-04-10 15:37:25,191 - INFO -   Changed/New: 0 | Unchanged (skipped): 66
2026-04-10 15:37:25,192 - INFO -   Processing POOperation (delta)...
2026-04-10 15:37:25,241 - INFO -   Fetched 537 rows from View_POOperations
2026-04-10 15:37:25,372 - INFO -   Changed/New: 426 | Unchanged (skipped): 111
2026-04-10 15:37:25,505 - INFO -   [OK] POOperation: 426 nodes synced
2026-04-10 15:37:25,505 - INFO -   Processing ProductionPlan_RelatedTasks (delta)...
2026-04-10 15:37:25,527 - INFO -   Fetched 20 rows from View_ProductionPlan_RelatedTasks
2026-04-10 15:37:25,540 - INFO -   Changed/New: 0 | Unchanged (skipped): 20
2026-04-10 15:37:25,541 - INFO -   Processing OperationConsumption (delta)...
2026-04-10 15:37:25,573 - INFO -   Fetched 201 rows from view_PO_OperationConsumption
2026-04-10 15:37:25,630 - INFO -   Changed/New: 0 | Unchanged (skipped): 201
2026-04-10 15:37:25,630 - INFO -   Processing WasteLosses (delta)...
2026-04-10 15:37:25,756 - INFO -   Fetched 67 rows from View_WasteLosses
2026-04-10 15:37:25,784 - INFO -   Changed/New: 0 | Unchanged (skipped): 67
2026-04-10 15:37:25,785 - INFO -   Processing ChecklistExecution (delta)...
2026-04-10 15:37:25,852 - INFO -   Fetched 239 rows from View_ChecklistExecution
2026-04-10 15:37:25,924 - INFO -   Changed/New: 219 | Unchanged (skipped): 20
2026-04-10 15:37:26,029 - INFO -   [OK] ChecklistExecution: 219 nodes synced
2026-04-10 15:37:26,029 - INFO -   Processing ProductionPlan_Parameters (delta)...
2026-04-10 15:45:06,777 - INFO -   Fetched 3201893 rows from View_ProductionPlan_Parameters
2026-04-10 15:58:19,487 - INFO -   Changed/New: 3200486 | Unchanged (skipped): 1407
2026-04-10 16:07:04,699 - INFO -   [OK] ProductionPlan_Parameters: 3200486 nodes synced
2026-04-10 16:07:04,699 - INFO -   Processing ProductionOutput (delta)...
2026-04-10 16:07:11,367 - INFO -   Fetched 4778 rows from View_ProductionPlan_Output
2026-04-10 16:07:14,903 - INFO -   Changed/New: 3166 | Unchanged (skipped): 1612
2026-04-10 16:07:15,407 - INFO -   [OK] ProductionOutput: 3166 nodes synced
2026-04-10 16:07:15,407 - INFO -   Processing ChecklistExecutionDetail (delta)...
